<?xml version="1.0" encoding="UTF-8"?>
<!-- Generated by org.testng.reporters.JUnitXMLReporter -->
<testsuite ignored="9" hostname="RD-A1-DT-4006" failures="6" tests="18" name="Regrission Test" time="389.272" errors="0" timestamp="2024-11-24T13:22:27 EET">
  <testcase classname="tests.CertificatesTest" name="@BeforeMethod getInCertificatesPage" time="60.61">
    <failure type="org.openqa.selenium.TimeoutException" message="Expected condition failed: waiting for visibility of Proxy element for: DefaultElementLocator &amp;apos;By.id: Username&amp;apos; (tried for 60 second(s) with 2000 milliseconds interval)">
      <![CDATA[org.openqa.selenium.TimeoutException: Expected condition failed: waiting for visibility of Proxy element for: DefaultElementLocator 'By.id: Username' (tried for 60 second(s) with 2000 milliseconds interval)
at org.openqa.selenium.support.ui.FluentWait.timeoutException(FluentWait.java:265)
at org.openqa.selenium.support.ui.FluentWait.until(FluentWait.java:228)
at pages.PageBase.fluentWait(PageBase.java:118)
at tests.CertificatesTest.getInCertificatesPage(CertificatesTest.java:23)
at java.base/java.util.ArrayList.forEach(ArrayList.java:1597)
Caused by: org.openqa.selenium.NoSuchElementException: no such element: Unable to locate element: {"method":"css selector","selector":"#Username"}
  (Session info: chrome=131.0.6778.86)
For documentation on this error, please visit: https://www.selenium.dev/documentation/webdriver/troubleshooting/errors#no-such-element-exception
Build info: version: '4.23.0', revision: '4df0a231af'
System info: os.name: 'Windows 10', os.arch: 'amd64', os.version: '10.0', java.version: '22.0.2'
Driver info: org.openqa.selenium.chrome.ChromeDriver
Command: [55881ec45943226f64e4c2e2937f7857, findElement {using=id, value=Username}]
Capabilities {acceptInsecureCerts: false, browserName: chrome, browserVersion: 131.0.6778.86, chrome: {chromedriverVersion: 131.0.6778.85 (3d81e41b6f3a..., userDataDir: C:\Users\ofahmy\AppData\Loc...}, fedcm:accounts: true, goog:chromeOptions: {debuggerAddress: localhost:62327}, networkConnectionEnabled: false, pageLoadStrategy: normal, platformName: windows, proxy: Proxy(), se:cdp: ws://localhost:62327/devtoo..., se:cdpVersion: 131.0.6778.86, setWindowRect: true, strictFileInteractability: false, timeouts: {implicit: 0, pageLoad: 300000, script: 30000}, unhandledPromptBehavior: dismiss and notify, webauthn:extension:credBlob: true, webauthn:extension:largeBlob: true, webauthn:extension:minPinLength: true, webauthn:extension:prf: true, webauthn:virtualAuthenticators: true}
Session ID: 55881ec45943226f64e4c2e2937f7857
at org.openqa.selenium.remote.ErrorCodec.decode(ErrorCodec.java:167)
at org.openqa.selenium.remote.codec.w3c.W3CHttpResponseCodec.decode(W3CHttpResponseCodec.java:138)
at org.openqa.selenium.remote.codec.w3c.W3CHttpResponseCodec.decode(W3CHttpResponseCodec.java:50)
at org.openqa.selenium.remote.HttpCommandExecutor.execute(HttpCommandExecutor.java:190)
at org.openqa.selenium.remote.service.DriverCommandExecutor.invokeExecute(DriverCommandExecutor.java:216)
at org.openqa.selenium.remote.service.DriverCommandExecutor.execute(DriverCommandExecutor.java:174)
at org.openqa.selenium.remote.RemoteWebDriver.execute(RemoteWebDriver.java:527)
at org.openqa.selenium.remote.ElementLocation$ElementFinder$2.findElement(ElementLocation.java:165)
at org.openqa.selenium.remote.ElementLocation.findElement(ElementLocation.java:59)
at org.openqa.selenium.remote.RemoteWebDriver.findElement(RemoteWebDriver.java:357)
at org.openqa.selenium.remote.RemoteWebDriver.findElement(RemoteWebDriver.java:351)
at org.openqa.selenium.support.pagefactory.DefaultElementLocator.findElement(DefaultElementLocator.java:68)
at org.openqa.selenium.support.pagefactory.internal.LocatingElementHandler.invoke(LocatingElementHandler.java:38)
at jdk.proxy2/jdk.proxy2.$Proxy17.isDisplayed(Unknown Source)
at org.openqa.selenium.support.ui.ExpectedConditions.elementIfVisible(ExpectedConditions.java:304)
at org.openqa.selenium.support.ui.ExpectedConditions$10.apply(ExpectedConditions.java:290)
at org.openqa.selenium.support.ui.ExpectedConditions$10.apply(ExpectedConditions.java:287)
at org.openqa.selenium.support.ui.FluentWait.until(FluentWait.java:203)
... 32 more
... Removed 32 stack frames]]>
    </failure>
  </testcase> <!-- @BeforeMethod getInCertificatesPage -->
  <testcase classname="tests.TestBase" name="@AfterMethod screenshotOnFailure" time="0.0">
    <skipped/>
  </testcase> <!-- @AfterMethod screenshotOnFailure -->
  <testcase classname="tests.CertificatesTest" name="@BeforeMethod getInCertificatesPage" time="0.0">
    <skipped/>
  </testcase> <!-- @BeforeMethod getInCertificatesPage -->
  <testcase classname="tests.TestBase" name="@AfterMethod screenshotOnFailure" time="0.0">
    <skipped/>
  </testcase> <!-- @AfterMethod screenshotOnFailure -->
  <testcase classname="tests.CertificatesTest" name="@BeforeMethod getInCertificatesPage" time="0.0">
    <skipped/>
  </testcase> <!-- @BeforeMethod getInCertificatesPage -->
  <testcase classname="tests.TestBase" name="@AfterMethod screenshotOnFailure" time="0.0">
    <skipped/>
  </testcase> <!-- @AfterMethod screenshotOnFailure -->
  <testcase classname="tests.CertificatesTest" name="@BeforeMethod getInCertificatesPage" time="0.0">
    <skipped/>
  </testcase> <!-- @BeforeMethod getInCertificatesPage -->
  <testcase classname="tests.TestBase" name="@AfterMethod screenshotOnFailure" time="0.0">
    <skipped/>
  </testcase> <!-- @AfterMethod screenshotOnFailure -->
  <testcase classname="tests.CopiesTest" name="@BeforeMethod getInCertificatesPage" time="60.556">
    <failure type="org.openqa.selenium.TimeoutException" message="Expected condition failed: waiting for visibility of Proxy element for: DefaultElementLocator &amp;apos;By.id: Username&amp;apos; (tried for 60 second(s) with 2000 milliseconds interval)">
      <![CDATA[org.openqa.selenium.TimeoutException: Expected condition failed: waiting for visibility of Proxy element for: DefaultElementLocator 'By.id: Username' (tried for 60 second(s) with 2000 milliseconds interval)
at org.openqa.selenium.support.ui.FluentWait.timeoutException(FluentWait.java:265)
at org.openqa.selenium.support.ui.FluentWait.until(FluentWait.java:228)
at pages.PageBase.fluentWait(PageBase.java:118)
at tests.CopiesTest.getInCertificatesPage(CopiesTest.java:25)
at java.base/java.util.ArrayList.forEach(ArrayList.java:1597)
Caused by: org.openqa.selenium.NoSuchElementException: no such element: Unable to locate element: {"method":"css selector","selector":"#Username"}
  (Session info: chrome=131.0.6778.86)
For documentation on this error, please visit: https://www.selenium.dev/documentation/webdriver/troubleshooting/errors#no-such-element-exception
Build info: version: '4.23.0', revision: '4df0a231af'
System info: os.name: 'Windows 10', os.arch: 'amd64', os.version: '10.0', java.version: '22.0.2'
Driver info: org.openqa.selenium.chrome.ChromeDriver
Command: [55881ec45943226f64e4c2e2937f7857, findElement {using=id, value=Username}]
Capabilities {acceptInsecureCerts: false, browserName: chrome, browserVersion: 131.0.6778.86, chrome: {chromedriverVersion: 131.0.6778.85 (3d81e41b6f3a..., userDataDir: C:\Users\ofahmy\AppData\Loc...}, fedcm:accounts: true, goog:chromeOptions: {debuggerAddress: localhost:62327}, networkConnectionEnabled: false, pageLoadStrategy: normal, platformName: windows, proxy: Proxy(), se:cdp: ws://localhost:62327/devtoo..., se:cdpVersion: 131.0.6778.86, setWindowRect: true, strictFileInteractability: false, timeouts: {implicit: 0, pageLoad: 300000, script: 30000}, unhandledPromptBehavior: dismiss and notify, webauthn:extension:credBlob: true, webauthn:extension:largeBlob: true, webauthn:extension:minPinLength: true, webauthn:extension:prf: true, webauthn:virtualAuthenticators: true}
Session ID: 55881ec45943226f64e4c2e2937f7857
at org.openqa.selenium.remote.ErrorCodec.decode(ErrorCodec.java:167)
at org.openqa.selenium.remote.codec.w3c.W3CHttpResponseCodec.decode(W3CHttpResponseCodec.java:138)
at org.openqa.selenium.remote.codec.w3c.W3CHttpResponseCodec.decode(W3CHttpResponseCodec.java:50)
at org.openqa.selenium.remote.HttpCommandExecutor.execute(HttpCommandExecutor.java:190)
at org.openqa.selenium.remote.service.DriverCommandExecutor.invokeExecute(DriverCommandExecutor.java:216)
at org.openqa.selenium.remote.service.DriverCommandExecutor.execute(DriverCommandExecutor.java:174)
at org.openqa.selenium.remote.RemoteWebDriver.execute(RemoteWebDriver.java:527)
at org.openqa.selenium.remote.ElementLocation$ElementFinder$2.findElement(ElementLocation.java:165)
at org.openqa.selenium.remote.ElementLocation.findElement(ElementLocation.java:59)
at org.openqa.selenium.remote.RemoteWebDriver.findElement(RemoteWebDriver.java:357)
at org.openqa.selenium.remote.RemoteWebDriver.findElement(RemoteWebDriver.java:351)
at org.openqa.selenium.support.pagefactory.DefaultElementLocator.findElement(DefaultElementLocator.java:68)
at org.openqa.selenium.support.pagefactory.internal.LocatingElementHandler.invoke(LocatingElementHandler.java:38)
at jdk.proxy2/jdk.proxy2.$Proxy17.isDisplayed(Unknown Source)
at org.openqa.selenium.support.ui.ExpectedConditions.elementIfVisible(ExpectedConditions.java:304)
at org.openqa.selenium.support.ui.ExpectedConditions$10.apply(ExpectedConditions.java:290)
at org.openqa.selenium.support.ui.ExpectedConditions$10.apply(ExpectedConditions.java:287)
at org.openqa.selenium.support.ui.FluentWait.until(FluentWait.java:203)
... 32 more
... Removed 32 stack frames]]>
    </failure>
  </testcase> <!-- @BeforeMethod getInCertificatesPage -->
  <testcase classname="tests.TestBase" name="@AfterMethod screenshotOnFailure" time="0.0">
    <skipped/>
  </testcase> <!-- @AfterMethod screenshotOnFailure -->
  <testcase classname="tests.CopiesTest" name="@BeforeMethod getInCertificatesPage" time="0.0">
    <skipped/>
  </testcase> <!-- @BeforeMethod getInCertificatesPage -->
  <testcase classname="tests.TestBase" name="@AfterMethod screenshotOnFailure" time="0.0">
    <skipped/>
  </testcase> <!-- @AfterMethod screenshotOnFailure -->
  <testcase classname="tests.CopiesTest" name="@BeforeMethod getInCertificatesPage" time="0.0">
    <skipped/>
  </testcase> <!-- @BeforeMethod getInCertificatesPage -->
  <testcase classname="tests.TestBase" name="@AfterMethod screenshotOnFailure" time="0.0">
    <skipped/>
  </testcase> <!-- @AfterMethod screenshotOnFailure -->
  <testcase classname="tests.CopiesTest" name="@BeforeMethod getInCertificatesPage" time="0.0">
    <skipped/>
  </testcase> <!-- @BeforeMethod getInCertificatesPage -->
  <testcase classname="tests.TestBase" name="@AfterMethod screenshotOnFailure" time="0.0">
    <skipped/>
  </testcase> <!-- @AfterMethod screenshotOnFailure -->
  <testcase classname="tests.AnnouncementTest" name="@BeforeMethod loginAndGetInAnnPart" time="60.59">
    <failure type="org.openqa.selenium.TimeoutException" message="Expected condition failed: waiting for visibility of Proxy element for: DefaultElementLocator &amp;apos;By.id: Username&amp;apos; (tried for 60 second(s) with 2000 milliseconds interval)">
      <![CDATA[org.openqa.selenium.TimeoutException: Expected condition failed: waiting for visibility of Proxy element for: DefaultElementLocator 'By.id: Username' (tried for 60 second(s) with 2000 milliseconds interval)
at org.openqa.selenium.support.ui.FluentWait.timeoutException(FluentWait.java:265)
at org.openqa.selenium.support.ui.FluentWait.until(FluentWait.java:228)
at pages.PageBase.fluentWait(PageBase.java:118)
at tests.AnnouncementTest.loginAndGetInAnnPart(AnnouncementTest.java:27)
at java.base/java.util.ArrayList.forEach(ArrayList.java:1597)
Caused by: org.openqa.selenium.NoSuchElementException: no such element: Unable to locate element: {"method":"css selector","selector":"#Username"}
  (Session info: chrome=131.0.6778.86)
For documentation on this error, please visit: https://www.selenium.dev/documentation/webdriver/troubleshooting/errors#no-such-element-exception
Build info: version: '4.23.0', revision: '4df0a231af'
System info: os.name: 'Windows 10', os.arch: 'amd64', os.version: '10.0', java.version: '22.0.2'
Driver info: org.openqa.selenium.chrome.ChromeDriver
Command: [55881ec45943226f64e4c2e2937f7857, findElement {using=id, value=Username}]
Capabilities {acceptInsecureCerts: false, browserName: chrome, browserVersion: 131.0.6778.86, chrome: {chromedriverVersion: 131.0.6778.85 (3d81e41b6f3a..., userDataDir: C:\Users\ofahmy\AppData\Loc...}, fedcm:accounts: true, goog:chromeOptions: {debuggerAddress: localhost:62327}, networkConnectionEnabled: false, pageLoadStrategy: normal, platformName: windows, proxy: Proxy(), se:cdp: ws://localhost:62327/devtoo..., se:cdpVersion: 131.0.6778.86, setWindowRect: true, strictFileInteractability: false, timeouts: {implicit: 0, pageLoad: 300000, script: 30000}, unhandledPromptBehavior: dismiss and notify, webauthn:extension:credBlob: true, webauthn:extension:largeBlob: true, webauthn:extension:minPinLength: true, webauthn:extension:prf: true, webauthn:virtualAuthenticators: true}
Session ID: 55881ec45943226f64e4c2e2937f7857
at org.openqa.selenium.remote.ErrorCodec.decode(ErrorCodec.java:167)
at org.openqa.selenium.remote.codec.w3c.W3CHttpResponseCodec.decode(W3CHttpResponseCodec.java:138)
at org.openqa.selenium.remote.codec.w3c.W3CHttpResponseCodec.decode(W3CHttpResponseCodec.java:50)
at org.openqa.selenium.remote.HttpCommandExecutor.execute(HttpCommandExecutor.java:190)
at org.openqa.selenium.remote.service.DriverCommandExecutor.invokeExecute(DriverCommandExecutor.java:216)
at org.openqa.selenium.remote.service.DriverCommandExecutor.execute(DriverCommandExecutor.java:174)
at org.openqa.selenium.remote.RemoteWebDriver.execute(RemoteWebDriver.java:527)
at org.openqa.selenium.remote.ElementLocation$ElementFinder$2.findElement(ElementLocation.java:165)
at org.openqa.selenium.remote.ElementLocation.findElement(ElementLocation.java:59)
at org.openqa.selenium.remote.RemoteWebDriver.findElement(RemoteWebDriver.java:357)
at org.openqa.selenium.remote.RemoteWebDriver.findElement(RemoteWebDriver.java:351)
at org.openqa.selenium.support.pagefactory.DefaultElementLocator.findElement(DefaultElementLocator.java:68)
at org.openqa.selenium.support.pagefactory.internal.LocatingElementHandler.invoke(LocatingElementHandler.java:38)
at jdk.proxy2/jdk.proxy2.$Proxy17.isDisplayed(Unknown Source)
at org.openqa.selenium.support.ui.ExpectedConditions.elementIfVisible(ExpectedConditions.java:304)
at org.openqa.selenium.support.ui.ExpectedConditions$10.apply(ExpectedConditions.java:290)
at org.openqa.selenium.support.ui.ExpectedConditions$10.apply(ExpectedConditions.java:287)
at org.openqa.selenium.support.ui.FluentWait.until(FluentWait.java:203)
... 32 more
... Removed 32 stack frames]]>
    </failure>
  </testcase> <!-- @BeforeMethod loginAndGetInAnnPart -->
  <testcase classname="tests.TestBase" name="@AfterMethod screenshotOnFailure" time="0.0">
    <skipped/>
  </testcase> <!-- @AfterMethod screenshotOnFailure -->
  <testcase classname="tests.AnnouncementTest" name="@BeforeMethod loginAndGetInAnnPart" time="0.0">
    <skipped/>
  </testcase> <!-- @BeforeMethod loginAndGetInAnnPart -->
  <testcase classname="tests.TestBase" name="@AfterMethod screenshotOnFailure" time="0.0">
    <skipped/>
  </testcase> <!-- @AfterMethod screenshotOnFailure -->
  <testcase classname="tests.AnnouncementTest" name="@BeforeMethod loginAndGetInAnnPart" time="0.0">
    <skipped/>
  </testcase> <!-- @BeforeMethod loginAndGetInAnnPart -->
  <testcase classname="tests.TestBase" name="@AfterMethod screenshotOnFailure" time="0.0">
    <skipped/>
  </testcase> <!-- @AfterMethod screenshotOnFailure -->
  <testcase classname="tests.AnnouncementTest" name="@BeforeMethod loginAndGetInAnnPart" time="0.0">
    <skipped/>
  </testcase> <!-- @BeforeMethod loginAndGetInAnnPart -->
  <testcase classname="tests.TestBase" name="@AfterMethod screenshotOnFailure" time="0.0">
    <skipped/>
  </testcase> <!-- @AfterMethod screenshotOnFailure -->
  <testcase classname="tests.TestBase" name="@AfterMethod screenshotOnFailure" time="68.727">
    <failure type="org.openqa.selenium.TimeoutException" message="Expected condition failed: waiting for visibility of Proxy element for: DefaultElementLocator &amp;apos;By.xpath: /html/body/app-root/block-ui/div/inner-container/main/div/app-header/div/div/ul[2]/li/div&amp;apos; (tried for 60 second(s) with 2000 milliseconds interval)">
      <![CDATA[org.openqa.selenium.TimeoutException: Expected condition failed: waiting for visibility of Proxy element for: DefaultElementLocator 'By.xpath: /html/body/app-root/block-ui/div/inner-container/main/div/app-header/div/div/ul[2]/li/div' (tried for 60 second(s) with 2000 milliseconds interval)
at org.openqa.selenium.support.ui.FluentWait.timeoutException(FluentWait.java:265)
at org.openqa.selenium.support.ui.FluentWait.until(FluentWait.java:228)
at pages.PageBase.fluentWait(PageBase.java:118)
at pages.PageBase.loggedOut(PageBase.java:147)
at tests.TestBase.screenshotOnFailure(TestBase.java:45)
at java.base/java.util.ArrayList.forEach(ArrayList.java:1597)
Caused by: org.openqa.selenium.NoSuchElementException: no such element: Unable to locate element: {"method":"xpath","selector":"/html/body/app-root/block-ui/div/inner-container/main/div/app-header/div/div/ul[2]/li/div"}
  (Session info: chrome=131.0.6778.86)
For documentation on this error, please visit: https://www.selenium.dev/documentation/webdriver/troubleshooting/errors#no-such-element-exception
Build info: version: '4.23.0', revision: '4df0a231af'
System info: os.name: 'Windows 10', os.arch: 'amd64', os.version: '10.0', java.version: '22.0.2'
Driver info: org.openqa.selenium.chrome.ChromeDriver
Command: [55881ec45943226f64e4c2e2937f7857, findElement {using=xpath, value=/html/body/app-root/block-ui/div/inner-container/main/div/app-header/div/div/ul[2]/li/div}]
Capabilities {acceptInsecureCerts: false, browserName: chrome, browserVersion: 131.0.6778.86, chrome: {chromedriverVersion: 131.0.6778.85 (3d81e41b6f3a..., userDataDir: C:\Users\ofahmy\AppData\Loc...}, fedcm:accounts: true, goog:chromeOptions: {debuggerAddress: localhost:62327}, networkConnectionEnabled: false, pageLoadStrategy: normal, platformName: windows, proxy: Proxy(), se:cdp: ws://localhost:62327/devtoo..., se:cdpVersion: 131.0.6778.86, setWindowRect: true, strictFileInteractability: false, timeouts: {implicit: 0, pageLoad: 300000, script: 30000}, unhandledPromptBehavior: dismiss and notify, webauthn:extension:credBlob: true, webauthn:extension:largeBlob: true, webauthn:extension:minPinLength: true, webauthn:extension:prf: true, webauthn:virtualAuthenticators: true}
Session ID: 55881ec45943226f64e4c2e2937f7857
at org.openqa.selenium.remote.ErrorCodec.decode(ErrorCodec.java:167)
at org.openqa.selenium.remote.codec.w3c.W3CHttpResponseCodec.decode(W3CHttpResponseCodec.java:138)
at org.openqa.selenium.remote.codec.w3c.W3CHttpResponseCodec.decode(W3CHttpResponseCodec.java:50)
at org.openqa.selenium.remote.HttpCommandExecutor.execute(HttpCommandExecutor.java:190)
at org.openqa.selenium.remote.service.DriverCommandExecutor.invokeExecute(DriverCommandExecutor.java:216)
at org.openqa.selenium.remote.service.DriverCommandExecutor.execute(DriverCommandExecutor.java:174)
at org.openqa.selenium.remote.RemoteWebDriver.execute(RemoteWebDriver.java:527)
at org.openqa.selenium.remote.ElementLocation$ElementFinder$2.findElement(ElementLocation.java:165)
at org.openqa.selenium.remote.ElementLocation.findElement(ElementLocation.java:59)
at org.openqa.selenium.remote.RemoteWebDriver.findElement(RemoteWebDriver.java:357)
at org.openqa.selenium.remote.RemoteWebDriver.findElement(RemoteWebDriver.java:351)
at org.openqa.selenium.support.pagefactory.DefaultElementLocator.findElement(DefaultElementLocator.java:68)
at org.openqa.selenium.support.pagefactory.internal.LocatingElementHandler.invoke(LocatingElementHandler.java:38)
at jdk.proxy2/jdk.proxy2.$Proxy17.isDisplayed(Unknown Source)
at org.openqa.selenium.support.ui.ExpectedConditions.elementIfVisible(ExpectedConditions.java:304)
at org.openqa.selenium.support.ui.ExpectedConditions$10.apply(ExpectedConditions.java:290)
at org.openqa.selenium.support.ui.ExpectedConditions$10.apply(ExpectedConditions.java:287)
at org.openqa.selenium.support.ui.FluentWait.until(FluentWait.java:203)
... 34 more
... Removed 33 stack frames]]>
    </failure>
  </testcase> <!-- @AfterMethod screenshotOnFailure -->
  <testcase classname="tests.TestBase" name="@AfterTest stopDriver" time="0.0">
    <skipped/>
  </testcase> <!-- @AfterTest stopDriver -->
  <testcase classname="tests.CertificatesTest" name="completeSessionCasesCertProcess" time="0.0">
    <skipped/>
  </testcase> <!-- completeSessionCasesCertProcess -->
  <testcase classname="tests.CertificatesTest" name="completeBrotestoCase" time="0.0">
    <skipped/>
  </testcase> <!-- completeBrotestoCase -->
  <testcase classname="tests.CertificatesTest" name="terroristGroupsCase" time="0.0">
    <skipped/>
  </testcase> <!-- terroristGroupsCase -->
  <testcase classname="tests.CertificatesTest" name="caseNoExist" time="0.0">
    <skipped/>
  </testcase> <!-- caseNoExist -->
  <testcase classname="tests.CopiesTest" name="recordCaseCopyTest" time="0.0">
    <skipped/>
  </testcase> <!-- recordCaseCopyTest -->
  <testcase classname="tests.CopiesTest" name="memorialCopyTest" time="0.0">
    <skipped/>
  </testcase> <!-- memorialCopyTest -->
  <testcase classname="tests.CopiesTest" name="officialJudCopyTest" time="0.0">
    <skipped/>
  </testcase> <!-- officialJudCopyTest -->
  <testcase classname="tests.CopiesTest" name="copyFromTheFrontOfTheCaseTest" time="0.0">
    <skipped/>
  </testcase> <!-- copyFromTheFrontOfTheCaseTest -->
  <testcase classname="tests.AnnouncementTest" name="creatAnnAttachWithCaseFirstTimeTest" time="0.0">
    <skipped/>
  </testcase> <!-- creatAnnAttachWithCaseFirstTimeTest -->
  <testcase classname="tests.AnnouncementTest" name="creatAnnAttachWithCaseSecondeTimeTest" time="0.0">
    <skipped/>
  </testcase> <!-- creatAnnAttachWithCaseSecondeTimeTest -->
  <testcase classname="tests.AnnouncementTest" name="creatAnnAttachWithOrderFirstTimeTest" time="0.0">
    <skipped/>
  </testcase> <!-- creatAnnAttachWithOrderFirstTimeTest -->
  <testcase classname="tests.AnnouncementTest" name="creatAnnAttachWithOrderSecondeTimeTest" time="0.0">
    <skipped/>
  </testcase> <!-- creatAnnAttachWithOrderSecondeTimeTest -->
  <testcase classname="tests.AdministrativeAnnTest" name="adminsitrartiveAnnProcessTest" time="9.435">
    <failure type="org.openqa.selenium.ElementClickInterceptedException" message="element click intercepted: Element &amp;lt;div role=&amp;quot;combobox&amp;quot; aria-haspopup=&amp;quot;listbox&amp;quot; class=&amp;quot;ng-input&amp;quot; aria-expanded=&amp;quot;false&amp;quot;&amp;gt;...&amp;lt;/div&amp;gt; is not clickable at point (1169, 507). Other element would receive the click: &amp;lt;div class=&amp;quot;swal2-container swal2-rtl swal2-top-end swal2-backdrop-show&amp;quot; style=&amp;quot;overflow-y: auto;&amp;quot;&amp;gt;...&amp;lt;/div&amp;gt;
  (Session info: chrome=131.0.6778.86)
Build info: version: &amp;apos;4.23.0&amp;apos;, revision: &amp;apos;4df0a231af&amp;apos;
System info: os.name: &amp;apos;Windows 10&amp;apos;, os.arch: &amp;apos;amd64&amp;apos;, os.version: &amp;apos;10.0&amp;apos;, java.version: &amp;apos;22.0.2&amp;apos;
Driver info: org.openqa.selenium.chrome.ChromeDriver
Command: [55881ec45943226f64e4c2e2937f7857, clickElement {id=f.045A229891ABB88C53905BF5D3892404.d.C1D3DFADCBB789447359655581457F62.e.155}]
Capabilities {acceptInsecureCerts: false, browserName: chrome, browserVersion: 131.0.6778.86, chrome: {chromedriverVersion: 131.0.6778.85 (3d81e41b6f3a..., userDataDir: C:\Users\ofahmy\AppData\Loc...}, fedcm:accounts: true, goog:chromeOptions: {debuggerAddress: localhost:62327}, networkConnectionEnabled: false, pageLoadStrategy: normal, platformName: windows, proxy: Proxy(), se:cdp: ws://localhost:62327/devtoo..., se:cdpVersion: 131.0.6778.86, setWindowRect: true, strictFileInteractability: false, timeouts: {implicit: 0, pageLoad: 300000, script: 30000}, unhandledPromptBehavior: dismiss and notify, webauthn:extension:credBlob: true, webauthn:extension:largeBlob: true, webauthn:extension:minPinLength: true, webauthn:extension:prf: true, webauthn:virtualAuthenticators: true}
Element: [[ChromeDriver: chrome on windows (55881ec45943226f64e4c2e2937f7857)] -&amp;gt; xpath: /html/body/app-root/block-ui/div/inner-container/main/div/div[2]/admin-announcements-add-edit/div[2]/form/div[2]/div[3]/div[1]/div/ng-select/div/div/div[2]]
Session ID: 55881ec45943226f64e4c2e2937f7857">
      <![CDATA[org.openqa.selenium.ElementClickInterceptedException: element click intercepted: Element <div role="combobox" aria-haspopup="listbox" class="ng-input" aria-expanded="false">...</div> is not clickable at point (1169, 507). Other element would receive the click: <div class="swal2-container swal2-rtl swal2-top-end swal2-backdrop-show" style="overflow-y: auto;">...</div>
  (Session info: chrome=131.0.6778.86)
Build info: version: '4.23.0', revision: '4df0a231af'
System info: os.name: 'Windows 10', os.arch: 'amd64', os.version: '10.0', java.version: '22.0.2'
Driver info: org.openqa.selenium.chrome.ChromeDriver
Command: [55881ec45943226f64e4c2e2937f7857, clickElement {id=f.045A229891ABB88C53905BF5D3892404.d.C1D3DFADCBB789447359655581457F62.e.155}]
Capabilities {acceptInsecureCerts: false, browserName: chrome, browserVersion: 131.0.6778.86, chrome: {chromedriverVersion: 131.0.6778.85 (3d81e41b6f3a..., userDataDir: C:\Users\ofahmy\AppData\Loc...}, fedcm:accounts: true, goog:chromeOptions: {debuggerAddress: localhost:62327}, networkConnectionEnabled: false, pageLoadStrategy: normal, platformName: windows, proxy: Proxy(), se:cdp: ws://localhost:62327/devtoo..., se:cdpVersion: 131.0.6778.86, setWindowRect: true, strictFileInteractability: false, timeouts: {implicit: 0, pageLoad: 300000, script: 30000}, unhandledPromptBehavior: dismiss and notify, webauthn:extension:credBlob: true, webauthn:extension:largeBlob: true, webauthn:extension:minPinLength: true, webauthn:extension:prf: true, webauthn:virtualAuthenticators: true}
Element: [[ChromeDriver: chrome on windows (55881ec45943226f64e4c2e2937f7857)] -> xpath: /html/body/app-root/block-ui/div/inner-container/main/div/div[2]/admin-announcements-add-edit/div[2]/form/div[2]/div[3]/div[1]/div/ng-select/div/div/div[2]]
Session ID: 55881ec45943226f64e4c2e2937f7857
at org.openqa.selenium.remote.ErrorCodec.decode(ErrorCodec.java:167)
at org.openqa.selenium.remote.codec.w3c.W3CHttpResponseCodec.decode(W3CHttpResponseCodec.java:138)
at org.openqa.selenium.remote.codec.w3c.W3CHttpResponseCodec.decode(W3CHttpResponseCodec.java:50)
at org.openqa.selenium.remote.HttpCommandExecutor.execute(HttpCommandExecutor.java:190)
at org.openqa.selenium.remote.service.DriverCommandExecutor.invokeExecute(DriverCommandExecutor.java:216)
at org.openqa.selenium.remote.service.DriverCommandExecutor.execute(DriverCommandExecutor.java:174)
at org.openqa.selenium.remote.RemoteWebDriver.execute(RemoteWebDriver.java:527)
at org.openqa.selenium.remote.RemoteWebElement.execute(RemoteWebElement.java:223)
at org.openqa.selenium.remote.RemoteWebElement.click(RemoteWebElement.java:76)
at org.openqa.selenium.support.pagefactory.internal.LocatingElementHandler.invoke(LocatingElementHandler.java:51)
at jdk.proxy2/jdk.proxy2.$Proxy17.click(Unknown Source)
at pages.PageBase.selectFromDropDownNGList(PageBase.java:83)
at pages.AdministrativeAnnFeesPage.caseAdmAnnFeesProcess(AdministrativeAnnFeesPage.java:168)
at tests.AdministrativeAnnTest.adminsitrartiveAnnProcessTest(AdministrativeAnnTest.java:34)
at java.base/java.util.ArrayList.forEach(ArrayList.java:1597)
... Removed 30 stack frames]]>
    </failure>
  </testcase> <!-- adminsitrartiveAnnProcessTest -->
  <testcase classname="tests.AdministrativeAnnTest" name="adminsitrartiveOrderProcessTest" time="60.748">
    <failure type="org.openqa.selenium.TimeoutException" message="Expected condition failed: waiting for visibility of Proxy element for: DefaultElementLocator &amp;apos;By.cssSelector: button.btn.btn-add-outline&amp;apos; (tried for 60 second(s) with 2000 milliseconds interval)">
      <![CDATA[org.openqa.selenium.TimeoutException: Expected condition failed: waiting for visibility of Proxy element for: DefaultElementLocator 'By.cssSelector: button.btn.btn-add-outline' (tried for 60 second(s) with 2000 milliseconds interval)
at org.openqa.selenium.support.ui.FluentWait.timeoutException(FluentWait.java:265)
at org.openqa.selenium.support.ui.FluentWait.until(FluentWait.java:228)
at pages.PageBase.fluentWait(PageBase.java:118)
at pages.AdministrativeAnnFeesPage.orderAdmAnnFeesProcess(AdministrativeAnnFeesPage.java:195)
at tests.AdministrativeAnnTest.adminsitrartiveOrderProcessTest(AdministrativeAnnTest.java:52)
at java.base/java.util.ArrayList.forEach(ArrayList.java:1597)
Caused by: org.openqa.selenium.NoSuchElementException: no such element: Unable to locate element: {"method":"css selector","selector":"button.btn.btn-add-outline"}
  (Session info: chrome=131.0.6778.86)
For documentation on this error, please visit: https://www.selenium.dev/documentation/webdriver/troubleshooting/errors#no-such-element-exception
Build info: version: '4.23.0', revision: '4df0a231af'
System info: os.name: 'Windows 10', os.arch: 'amd64', os.version: '10.0', java.version: '22.0.2'
Driver info: org.openqa.selenium.chrome.ChromeDriver
Command: [55881ec45943226f64e4c2e2937f7857, findElement {using=css selector, value=button.btn.btn-add-outline}]
Capabilities {acceptInsecureCerts: false, browserName: chrome, browserVersion: 131.0.6778.86, chrome: {chromedriverVersion: 131.0.6778.85 (3d81e41b6f3a..., userDataDir: C:\Users\ofahmy\AppData\Loc...}, fedcm:accounts: true, goog:chromeOptions: {debuggerAddress: localhost:62327}, networkConnectionEnabled: false, pageLoadStrategy: normal, platformName: windows, proxy: Proxy(), se:cdp: ws://localhost:62327/devtoo..., se:cdpVersion: 131.0.6778.86, setWindowRect: true, strictFileInteractability: false, timeouts: {implicit: 0, pageLoad: 300000, script: 30000}, unhandledPromptBehavior: dismiss and notify, webauthn:extension:credBlob: true, webauthn:extension:largeBlob: true, webauthn:extension:minPinLength: true, webauthn:extension:prf: true, webauthn:virtualAuthenticators: true}
Session ID: 55881ec45943226f64e4c2e2937f7857
at org.openqa.selenium.remote.ErrorCodec.decode(ErrorCodec.java:167)
at org.openqa.selenium.remote.codec.w3c.W3CHttpResponseCodec.decode(W3CHttpResponseCodec.java:138)
at org.openqa.selenium.remote.codec.w3c.W3CHttpResponseCodec.decode(W3CHttpResponseCodec.java:50)
at org.openqa.selenium.remote.HttpCommandExecutor.execute(HttpCommandExecutor.java:190)
at org.openqa.selenium.remote.service.DriverCommandExecutor.invokeExecute(DriverCommandExecutor.java:216)
at org.openqa.selenium.remote.service.DriverCommandExecutor.execute(DriverCommandExecutor.java:174)
at org.openqa.selenium.remote.RemoteWebDriver.execute(RemoteWebDriver.java:527)
at org.openqa.selenium.remote.ElementLocation$ElementFinder$2.findElement(ElementLocation.java:165)
at org.openqa.selenium.remote.ElementLocation.findElement(ElementLocation.java:59)
at org.openqa.selenium.remote.RemoteWebDriver.findElement(RemoteWebDriver.java:357)
at org.openqa.selenium.remote.RemoteWebDriver.findElement(RemoteWebDriver.java:351)
at org.openqa.selenium.support.pagefactory.DefaultElementLocator.findElement(DefaultElementLocator.java:68)
at org.openqa.selenium.support.pagefactory.internal.LocatingElementHandler.invoke(LocatingElementHandler.java:38)
at jdk.proxy2/jdk.proxy2.$Proxy17.isDisplayed(Unknown Source)
at org.openqa.selenium.support.ui.ExpectedConditions.elementIfVisible(ExpectedConditions.java:304)
at org.openqa.selenium.support.ui.ExpectedConditions$10.apply(ExpectedConditions.java:290)
at org.openqa.selenium.support.ui.ExpectedConditions$10.apply(ExpectedConditions.java:287)
at org.openqa.selenium.support.ui.FluentWait.until(FluentWait.java:203)
... 29 more
... Removed 28 stack frames]]>
    </failure>
  </testcase> <!-- adminsitrartiveOrderProcessTest -->
  <testcase classname="tests.WarningsTest" name="creatWarAttachWithCaseFirstTimeTest" time="1.162">
    <failure type="org.openqa.selenium.ElementClickInterceptedException" message="element click intercepted: Element &amp;lt;button class=&amp;quot;btn btn-add-outline&amp;quot;&amp;gt;...&amp;lt;/button&amp;gt; is not clickable at point (95, 100). Other element would receive the click: &amp;lt;div class=&amp;quot;block-ui-wrapper block-ui-main active&amp;quot;&amp;gt;...&amp;lt;/div&amp;gt;
  (Session info: chrome=131.0.6778.86)
Build info: version: &amp;apos;4.23.0&amp;apos;, revision: &amp;apos;4df0a231af&amp;apos;
System info: os.name: &amp;apos;Windows 10&amp;apos;, os.arch: &amp;apos;amd64&amp;apos;, os.version: &amp;apos;10.0&amp;apos;, java.version: &amp;apos;22.0.2&amp;apos;
Driver info: org.openqa.selenium.chrome.ChromeDriver
Command: [55881ec45943226f64e4c2e2937f7857, clickElement {id=f.045A229891ABB88C53905BF5D3892404.d.C1D3DFADCBB789447359655581457F62.e.194}]
Capabilities {acceptInsecureCerts: false, browserName: chrome, browserVersion: 131.0.6778.86, chrome: {chromedriverVersion: 131.0.6778.85 (3d81e41b6f3a..., userDataDir: C:\Users\ofahmy\AppData\Loc...}, fedcm:accounts: true, goog:chromeOptions: {debuggerAddress: localhost:62327}, networkConnectionEnabled: false, pageLoadStrategy: normal, platformName: windows, proxy: Proxy(), se:cdp: ws://localhost:62327/devtoo..., se:cdpVersion: 131.0.6778.86, setWindowRect: true, strictFileInteractability: false, timeouts: {implicit: 0, pageLoad: 300000, script: 30000}, unhandledPromptBehavior: dismiss and notify, webauthn:extension:credBlob: true, webauthn:extension:largeBlob: true, webauthn:extension:minPinLength: true, webauthn:extension:prf: true, webauthn:virtualAuthenticators: true}
Element: [[ChromeDriver: chrome on windows (55881ec45943226f64e4c2e2937f7857)] -&amp;gt; xpath: /html/body/app-root/block-ui/div/inner-container/main/div/div[2]/ng-component/div[1]/button]
Session ID: 55881ec45943226f64e4c2e2937f7857">
      <![CDATA[org.openqa.selenium.ElementClickInterceptedException: element click intercepted: Element <button class="btn btn-add-outline">...</button> is not clickable at point (95, 100). Other element would receive the click: <div class="block-ui-wrapper block-ui-main active">...</div>
  (Session info: chrome=131.0.6778.86)
Build info: version: '4.23.0', revision: '4df0a231af'
System info: os.name: 'Windows 10', os.arch: 'amd64', os.version: '10.0', java.version: '22.0.2'
Driver info: org.openqa.selenium.chrome.ChromeDriver
Command: [55881ec45943226f64e4c2e2937f7857, clickElement {id=f.045A229891ABB88C53905BF5D3892404.d.C1D3DFADCBB789447359655581457F62.e.194}]
Capabilities {acceptInsecureCerts: false, browserName: chrome, browserVersion: 131.0.6778.86, chrome: {chromedriverVersion: 131.0.6778.85 (3d81e41b6f3a..., userDataDir: C:\Users\ofahmy\AppData\Loc...}, fedcm:accounts: true, goog:chromeOptions: {debuggerAddress: localhost:62327}, networkConnectionEnabled: false, pageLoadStrategy: normal, platformName: windows, proxy: Proxy(), se:cdp: ws://localhost:62327/devtoo..., se:cdpVersion: 131.0.6778.86, setWindowRect: true, strictFileInteractability: false, timeouts: {implicit: 0, pageLoad: 300000, script: 30000}, unhandledPromptBehavior: dismiss and notify, webauthn:extension:credBlob: true, webauthn:extension:largeBlob: true, webauthn:extension:minPinLength: true, webauthn:extension:prf: true, webauthn:virtualAuthenticators: true}
Element: [[ChromeDriver: chrome on windows (55881ec45943226f64e4c2e2937f7857)] -> xpath: /html/body/app-root/block-ui/div/inner-container/main/div/div[2]/ng-component/div[1]/button]
Session ID: 55881ec45943226f64e4c2e2937f7857
at org.openqa.selenium.remote.ErrorCodec.decode(ErrorCodec.java:167)
at org.openqa.selenium.remote.codec.w3c.W3CHttpResponseCodec.decode(W3CHttpResponseCodec.java:138)
at org.openqa.selenium.remote.codec.w3c.W3CHttpResponseCodec.decode(W3CHttpResponseCodec.java:50)
at org.openqa.selenium.remote.HttpCommandExecutor.execute(HttpCommandExecutor.java:190)
at org.openqa.selenium.remote.service.DriverCommandExecutor.invokeExecute(DriverCommandExecutor.java:216)
at org.openqa.selenium.remote.service.DriverCommandExecutor.execute(DriverCommandExecutor.java:174)
at org.openqa.selenium.remote.RemoteWebDriver.execute(RemoteWebDriver.java:527)
at org.openqa.selenium.remote.RemoteWebElement.execute(RemoteWebElement.java:223)
at org.openqa.selenium.remote.RemoteWebElement.click(RemoteWebElement.java:76)
at org.openqa.selenium.support.pagefactory.internal.LocatingElementHandler.invoke(LocatingElementHandler.java:51)
at jdk.proxy2/jdk.proxy2.$Proxy17.click(Unknown Source)
at pages.PageBase.clickBtn(PageBase.java:50)
at pages.WarningsFeesPage.createWarAttachWithCaseFirstTime(WarningsFeesPage.java:172)
at tests.WarningsTest.creatWarAttachWithCaseFirstTimeTest(WarningsTest.java:43)
at java.base/java.util.ArrayList.forEach(ArrayList.java:1597)
... Removed 30 stack frames]]>
    </failure>
  </testcase> <!-- creatWarAttachWithCaseFirstTimeTest -->
  <testcase classname="tests.WarningsTest" name="creatAnnAttachWithCaseSecondeTimeTest" time="1.133">
    <failure type="org.openqa.selenium.ElementClickInterceptedException" message="element click intercepted: Element &amp;lt;button class=&amp;quot;btn btn-add-outline&amp;quot;&amp;gt;...&amp;lt;/button&amp;gt; is not clickable at point (96, 100). Other element would receive the click: &amp;lt;div class=&amp;quot;block-ui-wrapper block-ui-main active&amp;quot;&amp;gt;...&amp;lt;/div&amp;gt;
  (Session info: chrome=131.0.6778.86)
Build info: version: &amp;apos;4.23.0&amp;apos;, revision: &amp;apos;4df0a231af&amp;apos;
System info: os.name: &amp;apos;Windows 10&amp;apos;, os.arch: &amp;apos;amd64&amp;apos;, os.version: &amp;apos;10.0&amp;apos;, java.version: &amp;apos;22.0.2&amp;apos;
Driver info: org.openqa.selenium.chrome.ChromeDriver
Command: [55881ec45943226f64e4c2e2937f7857, clickElement {id=f.045A229891ABB88C53905BF5D3892404.d.C1D3DFADCBB789447359655581457F62.e.245}]
Capabilities {acceptInsecureCerts: false, browserName: chrome, browserVersion: 131.0.6778.86, chrome: {chromedriverVersion: 131.0.6778.85 (3d81e41b6f3a..., userDataDir: C:\Users\ofahmy\AppData\Loc...}, fedcm:accounts: true, goog:chromeOptions: {debuggerAddress: localhost:62327}, networkConnectionEnabled: false, pageLoadStrategy: normal, platformName: windows, proxy: Proxy(), se:cdp: ws://localhost:62327/devtoo..., se:cdpVersion: 131.0.6778.86, setWindowRect: true, strictFileInteractability: false, timeouts: {implicit: 0, pageLoad: 300000, script: 30000}, unhandledPromptBehavior: dismiss and notify, webauthn:extension:credBlob: true, webauthn:extension:largeBlob: true, webauthn:extension:minPinLength: true, webauthn:extension:prf: true, webauthn:virtualAuthenticators: true}
Element: [[ChromeDriver: chrome on windows (55881ec45943226f64e4c2e2937f7857)] -&amp;gt; xpath: /html/body/app-root/block-ui/div/inner-container/main/div/div[2]/ng-component/div[1]/button]
Session ID: 55881ec45943226f64e4c2e2937f7857">
      <![CDATA[org.openqa.selenium.ElementClickInterceptedException: element click intercepted: Element <button class="btn btn-add-outline">...</button> is not clickable at point (96, 100). Other element would receive the click: <div class="block-ui-wrapper block-ui-main active">...</div>
  (Session info: chrome=131.0.6778.86)
Build info: version: '4.23.0', revision: '4df0a231af'
System info: os.name: 'Windows 10', os.arch: 'amd64', os.version: '10.0', java.version: '22.0.2'
Driver info: org.openqa.selenium.chrome.ChromeDriver
Command: [55881ec45943226f64e4c2e2937f7857, clickElement {id=f.045A229891ABB88C53905BF5D3892404.d.C1D3DFADCBB789447359655581457F62.e.245}]
Capabilities {acceptInsecureCerts: false, browserName: chrome, browserVersion: 131.0.6778.86, chrome: {chromedriverVersion: 131.0.6778.85 (3d81e41b6f3a..., userDataDir: C:\Users\ofahmy\AppData\Loc...}, fedcm:accounts: true, goog:chromeOptions: {debuggerAddress: localhost:62327}, networkConnectionEnabled: false, pageLoadStrategy: normal, platformName: windows, proxy: Proxy(), se:cdp: ws://localhost:62327/devtoo..., se:cdpVersion: 131.0.6778.86, setWindowRect: true, strictFileInteractability: false, timeouts: {implicit: 0, pageLoad: 300000, script: 30000}, unhandledPromptBehavior: dismiss and notify, webauthn:extension:credBlob: true, webauthn:extension:largeBlob: true, webauthn:extension:minPinLength: true, webauthn:extension:prf: true, webauthn:virtualAuthenticators: true}
Element: [[ChromeDriver: chrome on windows (55881ec45943226f64e4c2e2937f7857)] -> xpath: /html/body/app-root/block-ui/div/inner-container/main/div/div[2]/ng-component/div[1]/button]
Session ID: 55881ec45943226f64e4c2e2937f7857
at org.openqa.selenium.remote.ErrorCodec.decode(ErrorCodec.java:167)
at org.openqa.selenium.remote.codec.w3c.W3CHttpResponseCodec.decode(W3CHttpResponseCodec.java:138)
at org.openqa.selenium.remote.codec.w3c.W3CHttpResponseCodec.decode(W3CHttpResponseCodec.java:50)
at org.openqa.selenium.remote.HttpCommandExecutor.execute(HttpCommandExecutor.java:190)
at org.openqa.selenium.remote.service.DriverCommandExecutor.invokeExecute(DriverCommandExecutor.java:216)
at org.openqa.selenium.remote.service.DriverCommandExecutor.execute(DriverCommandExecutor.java:174)
at org.openqa.selenium.remote.RemoteWebDriver.execute(RemoteWebDriver.java:527)
at org.openqa.selenium.remote.RemoteWebElement.execute(RemoteWebElement.java:223)
at org.openqa.selenium.remote.RemoteWebElement.click(RemoteWebElement.java:76)
at org.openqa.selenium.support.pagefactory.internal.LocatingElementHandler.invoke(LocatingElementHandler.java:51)
at jdk.proxy2/jdk.proxy2.$Proxy17.click(Unknown Source)
at pages.PageBase.clickBtn(PageBase.java:50)
at pages.WarningsFeesPage.createWarAttachWithCaseForSecondeTime(WarningsFeesPage.java:218)
at tests.WarningsTest.creatAnnAttachWithCaseSecondeTimeTest(WarningsTest.java:80)
at java.base/java.util.ArrayList.forEach(ArrayList.java:1597)
... Removed 30 stack frames]]>
    </failure>
  </testcase> <!-- creatAnnAttachWithCaseSecondeTimeTest -->
  <testcase classname="tests.WarningsTest" name="creatWarAttachWithOrderFirstTimeTest" time="3.517">
    <failure type="org.openqa.selenium.ElementClickInterceptedException" message="element click intercepted: Element &amp;lt;div role=&amp;quot;combobox&amp;quot; aria-haspopup=&amp;quot;listbox&amp;quot; class=&amp;quot;ng-input&amp;quot; aria-expanded=&amp;quot;false&amp;quot;&amp;gt;...&amp;lt;/div&amp;gt; is not clickable at point (1004, 386). Other element would receive the click: &amp;lt;div class=&amp;quot;swal2-container swal2-rtl swal2-top-end swal2-backdrop-show&amp;quot; style=&amp;quot;overflow-y: auto;&amp;quot;&amp;gt;...&amp;lt;/div&amp;gt;
  (Session info: chrome=131.0.6778.86)
Build info: version: &amp;apos;4.23.0&amp;apos;, revision: &amp;apos;4df0a231af&amp;apos;
System info: os.name: &amp;apos;Windows 10&amp;apos;, os.arch: &amp;apos;amd64&amp;apos;, os.version: &amp;apos;10.0&amp;apos;, java.version: &amp;apos;22.0.2&amp;apos;
Driver info: org.openqa.selenium.chrome.ChromeDriver
Command: [55881ec45943226f64e4c2e2937f7857, clickElement {id=f.045A229891ABB88C53905BF5D3892404.d.C1D3DFADCBB789447359655581457F62.e.416}]
Capabilities {acceptInsecureCerts: false, browserName: chrome, browserVersion: 131.0.6778.86, chrome: {chromedriverVersion: 131.0.6778.85 (3d81e41b6f3a..., userDataDir: C:\Users\ofahmy\AppData\Loc...}, fedcm:accounts: true, goog:chromeOptions: {debuggerAddress: localhost:62327}, networkConnectionEnabled: false, pageLoadStrategy: normal, platformName: windows, proxy: Proxy(), se:cdp: ws://localhost:62327/devtoo..., se:cdpVersion: 131.0.6778.86, setWindowRect: true, strictFileInteractability: false, timeouts: {implicit: 0, pageLoad: 300000, script: 30000}, unhandledPromptBehavior: dismiss and notify, webauthn:extension:credBlob: true, webauthn:extension:largeBlob: true, webauthn:extension:minPinLength: true, webauthn:extension:prf: true, webauthn:virtualAuthenticators: true}
Element: [[ChromeDriver: chrome on windows (55881ec45943226f64e4c2e2937f7857)] -&amp;gt; xpath: /html/body/app-root/block-ui/div/inner-container/main/div/div[2]/ng-component/div[2]/form/div[2]/div[2]/div[1]/div/ng-select/div/div/div[2]]
Session ID: 55881ec45943226f64e4c2e2937f7857">
      <![CDATA[org.openqa.selenium.ElementClickInterceptedException: element click intercepted: Element <div role="combobox" aria-haspopup="listbox" class="ng-input" aria-expanded="false">...</div> is not clickable at point (1004, 386). Other element would receive the click: <div class="swal2-container swal2-rtl swal2-top-end swal2-backdrop-show" style="overflow-y: auto;">...</div>
  (Session info: chrome=131.0.6778.86)
Build info: version: '4.23.0', revision: '4df0a231af'
System info: os.name: 'Windows 10', os.arch: 'amd64', os.version: '10.0', java.version: '22.0.2'
Driver info: org.openqa.selenium.chrome.ChromeDriver
Command: [55881ec45943226f64e4c2e2937f7857, clickElement {id=f.045A229891ABB88C53905BF5D3892404.d.C1D3DFADCBB789447359655581457F62.e.416}]
Capabilities {acceptInsecureCerts: false, browserName: chrome, browserVersion: 131.0.6778.86, chrome: {chromedriverVersion: 131.0.6778.85 (3d81e41b6f3a..., userDataDir: C:\Users\ofahmy\AppData\Loc...}, fedcm:accounts: true, goog:chromeOptions: {debuggerAddress: localhost:62327}, networkConnectionEnabled: false, pageLoadStrategy: normal, platformName: windows, proxy: Proxy(), se:cdp: ws://localhost:62327/devtoo..., se:cdpVersion: 131.0.6778.86, setWindowRect: true, strictFileInteractability: false, timeouts: {implicit: 0, pageLoad: 300000, script: 30000}, unhandledPromptBehavior: dismiss and notify, webauthn:extension:credBlob: true, webauthn:extension:largeBlob: true, webauthn:extension:minPinLength: true, webauthn:extension:prf: true, webauthn:virtualAuthenticators: true}
Element: [[ChromeDriver: chrome on windows (55881ec45943226f64e4c2e2937f7857)] -> xpath: /html/body/app-root/block-ui/div/inner-container/main/div/div[2]/ng-component/div[2]/form/div[2]/div[2]/div[1]/div/ng-select/div/div/div[2]]
Session ID: 55881ec45943226f64e4c2e2937f7857
at org.openqa.selenium.remote.ErrorCodec.decode(ErrorCodec.java:167)
at org.openqa.selenium.remote.codec.w3c.W3CHttpResponseCodec.decode(W3CHttpResponseCodec.java:138)
at org.openqa.selenium.remote.codec.w3c.W3CHttpResponseCodec.decode(W3CHttpResponseCodec.java:50)
at org.openqa.selenium.remote.HttpCommandExecutor.execute(HttpCommandExecutor.java:190)
at org.openqa.selenium.remote.service.DriverCommandExecutor.invokeExecute(DriverCommandExecutor.java:216)
at org.openqa.selenium.remote.service.DriverCommandExecutor.execute(DriverCommandExecutor.java:174)
at org.openqa.selenium.remote.RemoteWebDriver.execute(RemoteWebDriver.java:527)
at org.openqa.selenium.remote.RemoteWebElement.execute(RemoteWebElement.java:223)
at org.openqa.selenium.remote.RemoteWebElement.click(RemoteWebElement.java:76)
at org.openqa.selenium.support.pagefactory.internal.LocatingElementHandler.invoke(LocatingElementHandler.java:51)
at jdk.proxy2/jdk.proxy2.$Proxy17.click(Unknown Source)
at pages.PageBase.selectFromDropDownNGList(PageBase.java:83)
at pages.WarningsFeesPage.createWarAttachWithOrderFirstTime(WarningsFeesPage.java:269)
at tests.WarningsTest.creatWarAttachWithOrderFirstTimeTest(WarningsTest.java:115)
at java.base/java.util.ArrayList.forEach(ArrayList.java:1597)
... Removed 30 stack frames]]>
    </failure>
  </testcase> <!-- creatWarAttachWithOrderFirstTimeTest -->
  <testcase classname="tests.WarningsTest" name="creatWarAttachWithOrderSecondeTimeTest" time="2.799">
    <failure type="org.openqa.selenium.ElementClickInterceptedException" message="element click intercepted: Element &amp;lt;div role=&amp;quot;combobox&amp;quot; aria-haspopup=&amp;quot;listbox&amp;quot; class=&amp;quot;ng-input&amp;quot; aria-expanded=&amp;quot;false&amp;quot;&amp;gt;...&amp;lt;/div&amp;gt; is not clickable at point (1004, 386). Other element would receive the click: &amp;lt;div class=&amp;quot;swal2-container swal2-rtl swal2-top-end swal2-backdrop-show&amp;quot; style=&amp;quot;overflow-y: auto;&amp;quot;&amp;gt;...&amp;lt;/div&amp;gt;
  (Session info: chrome=131.0.6778.86)
Build info: version: &amp;apos;4.23.0&amp;apos;, revision: &amp;apos;4df0a231af&amp;apos;
System info: os.name: &amp;apos;Windows 10&amp;apos;, os.arch: &amp;apos;amd64&amp;apos;, os.version: &amp;apos;10.0&amp;apos;, java.version: &amp;apos;22.0.2&amp;apos;
Driver info: org.openqa.selenium.chrome.ChromeDriver
Command: [55881ec45943226f64e4c2e2937f7857, clickElement {id=f.045A229891ABB88C53905BF5D3892404.d.C1D3DFADCBB789447359655581457F62.e.572}]
Capabilities {acceptInsecureCerts: false, browserName: chrome, browserVersion: 131.0.6778.86, chrome: {chromedriverVersion: 131.0.6778.85 (3d81e41b6f3a..., userDataDir: C:\Users\ofahmy\AppData\Loc...}, fedcm:accounts: true, goog:chromeOptions: {debuggerAddress: localhost:62327}, networkConnectionEnabled: false, pageLoadStrategy: normal, platformName: windows, proxy: Proxy(), se:cdp: ws://localhost:62327/devtoo..., se:cdpVersion: 131.0.6778.86, setWindowRect: true, strictFileInteractability: false, timeouts: {implicit: 0, pageLoad: 300000, script: 30000}, unhandledPromptBehavior: dismiss and notify, webauthn:extension:credBlob: true, webauthn:extension:largeBlob: true, webauthn:extension:minPinLength: true, webauthn:extension:prf: true, webauthn:virtualAuthenticators: true}
Element: [[ChromeDriver: chrome on windows (55881ec45943226f64e4c2e2937f7857)] -&amp;gt; xpath: /html/body/app-root/block-ui/div/inner-container/main/div/div[2]/ng-component/div[2]/form/div[2]/div[2]/div[1]/div/ng-select/div/div/div[2]]
Session ID: 55881ec45943226f64e4c2e2937f7857">
      <![CDATA[org.openqa.selenium.ElementClickInterceptedException: element click intercepted: Element <div role="combobox" aria-haspopup="listbox" class="ng-input" aria-expanded="false">...</div> is not clickable at point (1004, 386). Other element would receive the click: <div class="swal2-container swal2-rtl swal2-top-end swal2-backdrop-show" style="overflow-y: auto;">...</div>
  (Session info: chrome=131.0.6778.86)
Build info: version: '4.23.0', revision: '4df0a231af'
System info: os.name: 'Windows 10', os.arch: 'amd64', os.version: '10.0', java.version: '22.0.2'
Driver info: org.openqa.selenium.chrome.ChromeDriver
Command: [55881ec45943226f64e4c2e2937f7857, clickElement {id=f.045A229891ABB88C53905BF5D3892404.d.C1D3DFADCBB789447359655581457F62.e.572}]
Capabilities {acceptInsecureCerts: false, browserName: chrome, browserVersion: 131.0.6778.86, chrome: {chromedriverVersion: 131.0.6778.85 (3d81e41b6f3a..., userDataDir: C:\Users\ofahmy\AppData\Loc...}, fedcm:accounts: true, goog:chromeOptions: {debuggerAddress: localhost:62327}, networkConnectionEnabled: false, pageLoadStrategy: normal, platformName: windows, proxy: Proxy(), se:cdp: ws://localhost:62327/devtoo..., se:cdpVersion: 131.0.6778.86, setWindowRect: true, strictFileInteractability: false, timeouts: {implicit: 0, pageLoad: 300000, script: 30000}, unhandledPromptBehavior: dismiss and notify, webauthn:extension:credBlob: true, webauthn:extension:largeBlob: true, webauthn:extension:minPinLength: true, webauthn:extension:prf: true, webauthn:virtualAuthenticators: true}
Element: [[ChromeDriver: chrome on windows (55881ec45943226f64e4c2e2937f7857)] -> xpath: /html/body/app-root/block-ui/div/inner-container/main/div/div[2]/ng-component/div[2]/form/div[2]/div[2]/div[1]/div/ng-select/div/div/div[2]]
Session ID: 55881ec45943226f64e4c2e2937f7857
at org.openqa.selenium.remote.ErrorCodec.decode(ErrorCodec.java:167)
at org.openqa.selenium.remote.codec.w3c.W3CHttpResponseCodec.decode(W3CHttpResponseCodec.java:138)
at org.openqa.selenium.remote.codec.w3c.W3CHttpResponseCodec.decode(W3CHttpResponseCodec.java:50)
at org.openqa.selenium.remote.HttpCommandExecutor.execute(HttpCommandExecutor.java:190)
at org.openqa.selenium.remote.service.DriverCommandExecutor.invokeExecute(DriverCommandExecutor.java:216)
at org.openqa.selenium.remote.service.DriverCommandExecutor.execute(DriverCommandExecutor.java:174)
at org.openqa.selenium.remote.RemoteWebDriver.execute(RemoteWebDriver.java:527)
at org.openqa.selenium.remote.RemoteWebElement.execute(RemoteWebElement.java:223)
at org.openqa.selenium.remote.RemoteWebElement.click(RemoteWebElement.java:76)
at org.openqa.selenium.support.pagefactory.internal.LocatingElementHandler.invoke(LocatingElementHandler.java:51)
at jdk.proxy2/jdk.proxy2.$Proxy17.click(Unknown Source)
at pages.PageBase.selectFromDropDownNGList(PageBase.java:83)
at pages.WarningsFeesPage.createWarAttachWithOrderForSecondeTime(WarningsFeesPage.java:309)
at tests.WarningsTest.creatWarAttachWithOrderSecondeTimeTest(WarningsTest.java:148)
at java.base/java.util.ArrayList.forEach(ArrayList.java:1597)
... Removed 30 stack frames]]>
    </failure>
  </testcase> <!-- creatWarAttachWithOrderSecondeTimeTest -->
  <testcase classname="tests.TestBase" name="@AfterTest stopDriver" time="0.0">
    <ignored/>
  </testcase> <!-- @AfterTest stopDriver -->
  <testcase classname="tests.CertificatesTest" name="negativeAppealCase" time="0.0">
    <ignored/>
  </testcase> <!-- negativeAppealCase -->
  <testcase classname="tests.TestBase" name="@BeforeTest startDriver" time="0.0">
    <ignored/>
  </testcase> <!-- @BeforeTest startDriver -->
  <testcase classname="tests.TestBase" name="@AfterTest stopDriver" time="0.0">
    <ignored/>
  </testcase> <!-- @AfterTest stopDriver -->
  <testcase classname="tests.TestBase" name="@BeforeTest startDriver" time="0.0">
    <ignored/>
  </testcase> <!-- @BeforeTest startDriver -->
  <testcase classname="tests.TestBase" name="@AfterTest stopDriver" time="0.0">
    <ignored/>
  </testcase> <!-- @AfterTest stopDriver -->
  <testcase classname="tests.TestBase" name="@BeforeTest startDriver" time="0.0">
    <ignored/>
  </testcase> <!-- @BeforeTest startDriver -->
  <testcase classname="tests.TestBase" name="@BeforeTest startDriver" time="0.0">
    <ignored/>
  </testcase> <!-- @BeforeTest startDriver -->
  <testcase classname="tests.TestBase" name="@AfterTest stopDriver" time="0.0">
    <ignored/>
  </testcase> <!-- @AfterTest stopDriver -->
</testsuite> <!-- Regrission Test -->
