<?xml version="1.0" encoding="UTF-8"?>
<!-- Generated by org.testng.reporters.JUnitXMLReporter -->
<testsuite ignored="2" hostname="DESKTOP-V0REQE2" failures="0" tests="1" name="Default test" time="76.688" errors="0" timestamp="2025-08-25T13:14:21 EEST">
  <testcase classname="tests.AppealBackTest" name="testAddingInfoIntoQuarrelCase" time="67.549"/>
  <testcase classname="tests.AppealBackTest" name="testAddingInfoIntoLaborArbitrationCase" time="0.0">
    <ignored/>
  </testcase> <!-- testAddingInfoIntoLaborArbitrationCase -->
  <testcase classname="tests.AppealBackTest" name="testAddingInfoIntoDivisionCommitteeCase" time="0.0">
    <ignored/>
  </testcase> <!-- testAddingInfoIntoDivisionCommitteeCase -->
</testsuite> <!-- Default test -->
