<?xml version="1.0" encoding="UTF-8"?>
<!-- Generated by org.testng.reporters.JUnitXMLReporter -->
<testsuite ignored="3" hostname="RD-A1-DT-4006" failures="6" tests="8" name="Regrission Test" time="476.438" errors="0" timestamp="2024-08-25T10:25:07 EEST">
  <testcase classname="tests.CertificatesTest" name="completeSessionCasesCertProcess" time="42.77"/>
  <testcase classname="tests.CertificatesTest" name="completeBrotestoCase" time="33.212">
    <failure type="org.openqa.selenium.NoSuchElementException" message="no such element: Unable to locate element: {&amp;quot;method&amp;quot;:&amp;quot;xpath&amp;quot;,&amp;quot;selector&amp;quot;:&amp;quot;/html/body/ngb-modal-window/div/div/ng-component/div[3]/div/div[1]/button&amp;quot;}
  (Session info: chrome=127.0.6533.122)
For documentation on this error, please visit: https://www.selenium.dev/documentation/webdriver/troubleshooting/errors#no-such-element-exception
Build info: version: &amp;apos;4.23.0&amp;apos;, revision: &amp;apos;4df0a231af&amp;apos;
System info: os.name: &amp;apos;Windows 10&amp;apos;, os.arch: &amp;apos;amd64&amp;apos;, os.version: &amp;apos;10.0&amp;apos;, java.version: &amp;apos;22.0.2&amp;apos;
Driver info: org.openqa.selenium.chrome.ChromeDriver
Command: [e78488eff1fd8c1c35435fc20ecd775e, findElement {value=/html/body/ngb-modal-window/div/div/ng-component/div[3]/div/div[1]/button, using=xpath}]
Capabilities {acceptInsecureCerts: false, browserName: chrome, browserVersion: 127.0.6533.122, chrome: {chromedriverVersion: 127.0.6533.88 (a2d0cb026721..., userDataDir: C:\Users\ofahmy\AppData\Loc...}, fedcm:accounts: true, goog:chromeOptions: {debuggerAddress: localhost:54766}, networkConnectionEnabled: false, pageLoadStrategy: normal, platformName: windows, proxy: Proxy(), se:cdp: ws://localhost:54766/devtoo..., se:cdpVersion: 127.0.6533.122, setWindowRect: true, strictFileInteractability: false, timeouts: {implicit: 0, pageLoad: 300000, script: 30000}, unhandledPromptBehavior: dismiss and notify, webauthn:extension:credBlob: true, webauthn:extension:largeBlob: true, webauthn:extension:minPinLength: true, webauthn:extension:prf: true, webauthn:virtualAuthenticators: true}
Session ID: e78488eff1fd8c1c35435fc20ecd775e">
      <![CDATA[org.openqa.selenium.NoSuchElementException: no such element: Unable to locate element: {"method":"xpath","selector":"/html/body/ngb-modal-window/div/div/ng-component/div[3]/div/div[1]/button"}
  (Session info: chrome=127.0.6533.122)
For documentation on this error, please visit: https://www.selenium.dev/documentation/webdriver/troubleshooting/errors#no-such-element-exception
Build info: version: '4.23.0', revision: '4df0a231af'
System info: os.name: 'Windows 10', os.arch: 'amd64', os.version: '10.0', java.version: '22.0.2'
Driver info: org.openqa.selenium.chrome.ChromeDriver
Command: [e78488eff1fd8c1c35435fc20ecd775e, findElement {value=/html/body/ngb-modal-window/div/div/ng-component/div[3]/div/div[1]/button, using=xpath}]
Capabilities {acceptInsecureCerts: false, browserName: chrome, browserVersion: 127.0.6533.122, chrome: {chromedriverVersion: 127.0.6533.88 (a2d0cb026721..., userDataDir: C:\Users\ofahmy\AppData\Loc...}, fedcm:accounts: true, goog:chromeOptions: {debuggerAddress: localhost:54766}, networkConnectionEnabled: false, pageLoadStrategy: normal, platformName: windows, proxy: Proxy(), se:cdp: ws://localhost:54766/devtoo..., se:cdpVersion: 127.0.6533.122, setWindowRect: true, strictFileInteractability: false, timeouts: {implicit: 0, pageLoad: 300000, script: 30000}, unhandledPromptBehavior: dismiss and notify, webauthn:extension:credBlob: true, webauthn:extension:largeBlob: true, webauthn:extension:minPinLength: true, webauthn:extension:prf: true, webauthn:virtualAuthenticators: true}
Session ID: e78488eff1fd8c1c35435fc20ecd775e
at org.openqa.selenium.remote.ErrorCodec.decode(ErrorCodec.java:167)
at org.openqa.selenium.remote.codec.w3c.W3CHttpResponseCodec.decode(W3CHttpResponseCodec.java:138)
at org.openqa.selenium.remote.codec.w3c.W3CHttpResponseCodec.decode(W3CHttpResponseCodec.java:50)
at org.openqa.selenium.remote.HttpCommandExecutor.execute(HttpCommandExecutor.java:190)
at org.openqa.selenium.remote.service.DriverCommandExecutor.invokeExecute(DriverCommandExecutor.java:216)
at org.openqa.selenium.remote.service.DriverCommandExecutor.execute(DriverCommandExecutor.java:174)
at org.openqa.selenium.remote.RemoteWebDriver.execute(RemoteWebDriver.java:527)
at org.openqa.selenium.remote.ElementLocation$ElementFinder$2.findElement(ElementLocation.java:165)
at org.openqa.selenium.remote.ElementLocation.findElement(ElementLocation.java:59)
at org.openqa.selenium.remote.RemoteWebDriver.findElement(RemoteWebDriver.java:357)
at org.openqa.selenium.remote.RemoteWebDriver.findElement(RemoteWebDriver.java:351)
at org.openqa.selenium.support.pagefactory.DefaultElementLocator.findElement(DefaultElementLocator.java:68)
at org.openqa.selenium.support.pagefactory.internal.LocatingElementHandler.invoke(LocatingElementHandler.java:38)
at jdk.proxy2/jdk.proxy2.$Proxy14.click(Unknown Source)
at pages.PageBase.clickBtn(PageBase.java:61)
at pages.CertificatesPage.constraintNonConstraintBrotesto(CertificatesPage.java:251)
at tests.CertificatesTest.completeBrotestoCase(CertificatesTest.java:43)
at java.base/java.util.ArrayList.forEach(ArrayList.java:1597)
... Removed 28 stack frames]]>
    </failure>
  </testcase> <!-- completeBrotestoCase -->
  <testcase classname="tests.CertificatesTest" name="terroristGroupsCase" time="31.887">
    <failure type="org.openqa.selenium.InvalidSelectorException" message="invalid selector
from javascript error: {&amp;quot;status&amp;quot;:32,&amp;quot;value&amp;quot;:&amp;quot;An invalid or illegal selector was specified&amp;quot;}
  (Session info: chrome=127.0.6533.122)
For documentation on this error, please visit: https://www.selenium.dev/documentation/webdriver/troubleshooting/errors#invalid-selector-exception
Build info: version: &amp;apos;4.23.0&amp;apos;, revision: &amp;apos;4df0a231af&amp;apos;
System info: os.name: &amp;apos;Windows 10&amp;apos;, os.arch: &amp;apos;amd64&amp;apos;, os.version: &amp;apos;10.0&amp;apos;, java.version: &amp;apos;22.0.2&amp;apos;
Driver info: org.openqa.selenium.chrome.ChromeDriver
Command: [e78488eff1fd8c1c35435fc20ecd775e, findElement {value=, using=id}]
Capabilities {acceptInsecureCerts: false, browserName: chrome, browserVersion: 127.0.6533.122, chrome: {chromedriverVersion: 127.0.6533.88 (a2d0cb026721..., userDataDir: C:\Users\ofahmy\AppData\Loc...}, fedcm:accounts: true, goog:chromeOptions: {debuggerAddress: localhost:54766}, networkConnectionEnabled: false, pageLoadStrategy: normal, platformName: windows, proxy: Proxy(), se:cdp: ws://localhost:54766/devtoo..., se:cdpVersion: 127.0.6533.122, setWindowRect: true, strictFileInteractability: false, timeouts: {implicit: 0, pageLoad: 300000, script: 30000}, unhandledPromptBehavior: dismiss and notify, webauthn:extension:credBlob: true, webauthn:extension:largeBlob: true, webauthn:extension:minPinLength: true, webauthn:extension:prf: true, webauthn:virtualAuthenticators: true}
Session ID: e78488eff1fd8c1c35435fc20ecd775e">
      <![CDATA[org.openqa.selenium.InvalidSelectorException: invalid selector
from javascript error: {"status":32,"value":"An invalid or illegal selector was specified"}
  (Session info: chrome=127.0.6533.122)
For documentation on this error, please visit: https://www.selenium.dev/documentation/webdriver/troubleshooting/errors#invalid-selector-exception
Build info: version: '4.23.0', revision: '4df0a231af'
System info: os.name: 'Windows 10', os.arch: 'amd64', os.version: '10.0', java.version: '22.0.2'
Driver info: org.openqa.selenium.chrome.ChromeDriver
Command: [e78488eff1fd8c1c35435fc20ecd775e, findElement {value=, using=id}]
Capabilities {acceptInsecureCerts: false, browserName: chrome, browserVersion: 127.0.6533.122, chrome: {chromedriverVersion: 127.0.6533.88 (a2d0cb026721..., userDataDir: C:\Users\ofahmy\AppData\Loc...}, fedcm:accounts: true, goog:chromeOptions: {debuggerAddress: localhost:54766}, networkConnectionEnabled: false, pageLoadStrategy: normal, platformName: windows, proxy: Proxy(), se:cdp: ws://localhost:54766/devtoo..., se:cdpVersion: 127.0.6533.122, setWindowRect: true, strictFileInteractability: false, timeouts: {implicit: 0, pageLoad: 300000, script: 30000}, unhandledPromptBehavior: dismiss and notify, webauthn:extension:credBlob: true, webauthn:extension:largeBlob: true, webauthn:extension:minPinLength: true, webauthn:extension:prf: true, webauthn:virtualAuthenticators: true}
Session ID: e78488eff1fd8c1c35435fc20ecd775e
at org.openqa.selenium.remote.ErrorCodec.decode(ErrorCodec.java:167)
at org.openqa.selenium.remote.codec.w3c.W3CHttpResponseCodec.decode(W3CHttpResponseCodec.java:138)
at org.openqa.selenium.remote.codec.w3c.W3CHttpResponseCodec.decode(W3CHttpResponseCodec.java:50)
at org.openqa.selenium.remote.HttpCommandExecutor.execute(HttpCommandExecutor.java:190)
at org.openqa.selenium.remote.service.DriverCommandExecutor.invokeExecute(DriverCommandExecutor.java:216)
at org.openqa.selenium.remote.service.DriverCommandExecutor.execute(DriverCommandExecutor.java:174)
at org.openqa.selenium.remote.RemoteWebDriver.execute(RemoteWebDriver.java:527)
at org.openqa.selenium.remote.ElementLocation$ElementFinder$2.findElement(ElementLocation.java:165)
at org.openqa.selenium.remote.ElementLocation.findElement(ElementLocation.java:59)
at org.openqa.selenium.remote.RemoteWebDriver.findElement(RemoteWebDriver.java:357)
at org.openqa.selenium.remote.RemoteWebDriver.findElement(RemoteWebDriver.java:351)
at org.openqa.selenium.support.pagefactory.DefaultElementLocator.findElement(DefaultElementLocator.java:68)
at org.openqa.selenium.support.pagefactory.internal.LocatingElementHandler.invoke(LocatingElementHandler.java:38)
at jdk.proxy2/jdk.proxy2.$Proxy14.isDisplayed(Unknown Source)
at org.openqa.selenium.support.ui.ExpectedConditions.elementIfVisible(ExpectedConditions.java:304)
at org.openqa.selenium.support.ui.ExpectedConditions$10.apply(ExpectedConditions.java:290)
at org.openqa.selenium.support.ui.ExpectedConditions$10.apply(ExpectedConditions.java:287)
at org.openqa.selenium.support.ui.FluentWait.until(FluentWait.java:203)
at pages.PageBase.fluentWait(PageBase.java:127)
at pages.CertificatesPage.terroristGroups(CertificatesPage.java:277)
at tests.CertificatesTest.terroristGroupsCase(CertificatesTest.java:52)
at java.base/java.util.ArrayList.forEach(ArrayList.java:1597)
... Removed 28 stack frames]]>
    </failure>
  </testcase> <!-- terroristGroupsCase -->
  <testcase classname="tests.CertificatesTest" name="caseNoExist" time="33.566"/>
  <testcase classname="tests.CopiesTest" name="recordCaseCopyTest" time="52.629">
    <failure type="java.lang.AssertionError" message="The following asserts failed:
	The Copy Deliver Button is Not Enabled expected [false] but found [true]">
      <![CDATA[java.lang.AssertionError: The following asserts failed:
The Copy Deliver Button is Not Enabled expected [false] but found [true]
at tests.CopiesTest.recordCaseCopyTest(CopiesTest.java:42)
at java.base/java.util.ArrayList.forEach(ArrayList.java:1597)
... Removed 27 stack frames]]>
    </failure>
  </testcase> <!-- recordCaseCopyTest -->
  <testcase classname="tests.CopiesTest" name="memorialCopyTest" time="62.39">
    <failure type="java.lang.AssertionError" message="The following asserts failed:
	The Copy Deliver Button is Not Enabled expected [false] but found [true]">
      <![CDATA[java.lang.AssertionError: The following asserts failed:
The Copy Deliver Button is Not Enabled expected [false] but found [true]
at tests.CopiesTest.memorialCopyTest(CopiesTest.java:54)
at java.base/java.util.ArrayList.forEach(ArrayList.java:1597)
... Removed 27 stack frames]]>
    </failure>
  </testcase> <!-- memorialCopyTest -->
  <testcase classname="tests.CopiesTest" name="officialJudCopyTest" time="49.779">
    <failure type="org.openqa.selenium.StaleElementReferenceException" message="stale element reference: stale element not found in the current frame
  (Session info: chrome=127.0.6533.122)
For documentation on this error, please visit: https://www.selenium.dev/documentation/webdriver/troubleshooting/errors#stale-element-reference-exception
Build info: version: &amp;apos;4.23.0&amp;apos;, revision: &amp;apos;4df0a231af&amp;apos;
System info: os.name: &amp;apos;Windows 10&amp;apos;, os.arch: &amp;apos;amd64&amp;apos;, os.version: &amp;apos;10.0&amp;apos;, java.version: &amp;apos;22.0.2&amp;apos;
Driver info: org.openqa.selenium.chrome.ChromeDriver
Command: [e78488eff1fd8c1c35435fc20ecd775e, isElementDisplayed {id=f.040F546484DC68730638DA03E0EC2407.d.E3F0B5D8CF421CFB3A62AE9901FBC83B.e.2126}]
Capabilities {acceptInsecureCerts: false, browserName: chrome, browserVersion: 127.0.6533.122, chrome: {chromedriverVersion: 127.0.6533.88 (a2d0cb026721..., userDataDir: C:\Users\ofahmy\AppData\Loc...}, fedcm:accounts: true, goog:chromeOptions: {debuggerAddress: localhost:54766}, networkConnectionEnabled: false, pageLoadStrategy: normal, platformName: windows, proxy: Proxy(), se:cdp: ws://localhost:54766/devtoo..., se:cdpVersion: 127.0.6533.122, setWindowRect: true, strictFileInteractability: false, timeouts: {implicit: 0, pageLoad: 300000, script: 30000}, unhandledPromptBehavior: dismiss and notify, webauthn:extension:credBlob: true, webauthn:extension:largeBlob: true, webauthn:extension:minPinLength: true, webauthn:extension:prf: true, webauthn:virtualAuthenticators: true}
Element: [[ChromeDriver: chrome on windows (e78488eff1fd8c1c35435fc20ecd775e)] -&amp;gt; xpath: /html/body/app-root/block-ui/div/inner-container/main/div/div[2]/ng-component/div[2]/div/div[2]/table-server/div[2]/div/div[2]/div[1]/button[4]]
Session ID: e78488eff1fd8c1c35435fc20ecd775e">
      <![CDATA[org.openqa.selenium.StaleElementReferenceException: stale element reference: stale element not found in the current frame
  (Session info: chrome=127.0.6533.122)
For documentation on this error, please visit: https://www.selenium.dev/documentation/webdriver/troubleshooting/errors#stale-element-reference-exception
Build info: version: '4.23.0', revision: '4df0a231af'
System info: os.name: 'Windows 10', os.arch: 'amd64', os.version: '10.0', java.version: '22.0.2'
Driver info: org.openqa.selenium.chrome.ChromeDriver
Command: [e78488eff1fd8c1c35435fc20ecd775e, isElementDisplayed {id=f.040F546484DC68730638DA03E0EC2407.d.E3F0B5D8CF421CFB3A62AE9901FBC83B.e.2126}]
Capabilities {acceptInsecureCerts: false, browserName: chrome, browserVersion: 127.0.6533.122, chrome: {chromedriverVersion: 127.0.6533.88 (a2d0cb026721..., userDataDir: C:\Users\ofahmy\AppData\Loc...}, fedcm:accounts: true, goog:chromeOptions: {debuggerAddress: localhost:54766}, networkConnectionEnabled: false, pageLoadStrategy: normal, platformName: windows, proxy: Proxy(), se:cdp: ws://localhost:54766/devtoo..., se:cdpVersion: 127.0.6533.122, setWindowRect: true, strictFileInteractability: false, timeouts: {implicit: 0, pageLoad: 300000, script: 30000}, unhandledPromptBehavior: dismiss and notify, webauthn:extension:credBlob: true, webauthn:extension:largeBlob: true, webauthn:extension:minPinLength: true, webauthn:extension:prf: true, webauthn:virtualAuthenticators: true}
Element: [[ChromeDriver: chrome on windows (e78488eff1fd8c1c35435fc20ecd775e)] -> xpath: /html/body/app-root/block-ui/div/inner-container/main/div/div[2]/ng-component/div[2]/div/div[2]/table-server/div[2]/div/div[2]/div[1]/button[4]]
Session ID: e78488eff1fd8c1c35435fc20ecd775e
at org.openqa.selenium.remote.ErrorCodec.decode(ErrorCodec.java:167)
at org.openqa.selenium.remote.codec.w3c.W3CHttpResponseCodec.decode(W3CHttpResponseCodec.java:138)
at org.openqa.selenium.remote.codec.w3c.W3CHttpResponseCodec.decode(W3CHttpResponseCodec.java:50)
at org.openqa.selenium.remote.HttpCommandExecutor.execute(HttpCommandExecutor.java:190)
at org.openqa.selenium.remote.service.DriverCommandExecutor.invokeExecute(DriverCommandExecutor.java:216)
at org.openqa.selenium.remote.service.DriverCommandExecutor.execute(DriverCommandExecutor.java:174)
at org.openqa.selenium.remote.RemoteWebDriver.execute(RemoteWebDriver.java:527)
at org.openqa.selenium.remote.RemoteWebElement.execute(RemoteWebElement.java:223)
at org.openqa.selenium.remote.RemoteWebElement.isDisplayed(RemoteWebElement.java:282)
at org.openqa.selenium.support.pagefactory.internal.LocatingElementHandler.invoke(LocatingElementHandler.java:51)
at jdk.proxy2/jdk.proxy2.$Proxy14.isDisplayed(Unknown Source)
at org.openqa.selenium.support.ui.ExpectedConditions.elementIfVisible(ExpectedConditions.java:304)
at org.openqa.selenium.support.ui.ExpectedConditions$10.apply(ExpectedConditions.java:290)
at org.openqa.selenium.support.ui.ExpectedConditions$10.apply(ExpectedConditions.java:287)
at org.openqa.selenium.support.ui.FluentWait.until(FluentWait.java:203)
at pages.PageBase.fluentWait(PageBase.java:127)
at pages.CopiesPage.paymentAndDeliveryOfTheCopy(CopiesPage.java:323)
at pages.CopiesPage.theOfficialJudgementCopy(CopiesPage.java:243)
at tests.CopiesTest.officialJudCopyTest(CopiesTest.java:62)
at java.base/java.util.ArrayList.forEach(ArrayList.java:1597)
... Removed 30 stack frames]]>
    </failure>
  </testcase> <!-- officialJudCopyTest -->
  <testcase classname="tests.CopiesTest" name="copyFromTheFrontOfTheCaseTest" time="53.129">
    <failure type="org.openqa.selenium.StaleElementReferenceException" message="stale element reference: stale element not found in the current frame
  (Session info: chrome=127.0.6533.122)
For documentation on this error, please visit: https://www.selenium.dev/documentation/webdriver/troubleshooting/errors#stale-element-reference-exception
Build info: version: &amp;apos;4.23.0&amp;apos;, revision: &amp;apos;4df0a231af&amp;apos;
System info: os.name: &amp;apos;Windows 10&amp;apos;, os.arch: &amp;apos;amd64&amp;apos;, os.version: &amp;apos;10.0&amp;apos;, java.version: &amp;apos;22.0.2&amp;apos;
Driver info: org.openqa.selenium.chrome.ChromeDriver
Command: [e78488eff1fd8c1c35435fc20ecd775e, isElementDisplayed {id=f.040F546484DC68730638DA03E0EC2407.d.E3F0B5D8CF421CFB3A62AE9901FBC83B.e.2546}]
Capabilities {acceptInsecureCerts: false, browserName: chrome, browserVersion: 127.0.6533.122, chrome: {chromedriverVersion: 127.0.6533.88 (a2d0cb026721..., userDataDir: C:\Users\ofahmy\AppData\Loc...}, fedcm:accounts: true, goog:chromeOptions: {debuggerAddress: localhost:54766}, networkConnectionEnabled: false, pageLoadStrategy: normal, platformName: windows, proxy: Proxy(), se:cdp: ws://localhost:54766/devtoo..., se:cdpVersion: 127.0.6533.122, setWindowRect: true, strictFileInteractability: false, timeouts: {implicit: 0, pageLoad: 300000, script: 30000}, unhandledPromptBehavior: dismiss and notify, webauthn:extension:credBlob: true, webauthn:extension:largeBlob: true, webauthn:extension:minPinLength: true, webauthn:extension:prf: true, webauthn:virtualAuthenticators: true}
Element: [[ChromeDriver: chrome on windows (e78488eff1fd8c1c35435fc20ecd775e)] -&amp;gt; xpath: /html/body/app-root/block-ui/div/inner-container/main/div/div[2]/ng-component/div[2]/div/div[2]/table-server/div[2]/div/div[2]/div[1]/button[3]]
Session ID: e78488eff1fd8c1c35435fc20ecd775e">
      <![CDATA[org.openqa.selenium.StaleElementReferenceException: stale element reference: stale element not found in the current frame
  (Session info: chrome=127.0.6533.122)
For documentation on this error, please visit: https://www.selenium.dev/documentation/webdriver/troubleshooting/errors#stale-element-reference-exception
Build info: version: '4.23.0', revision: '4df0a231af'
System info: os.name: 'Windows 10', os.arch: 'amd64', os.version: '10.0', java.version: '22.0.2'
Driver info: org.openqa.selenium.chrome.ChromeDriver
Command: [e78488eff1fd8c1c35435fc20ecd775e, isElementDisplayed {id=f.040F546484DC68730638DA03E0EC2407.d.E3F0B5D8CF421CFB3A62AE9901FBC83B.e.2546}]
Capabilities {acceptInsecureCerts: false, browserName: chrome, browserVersion: 127.0.6533.122, chrome: {chromedriverVersion: 127.0.6533.88 (a2d0cb026721..., userDataDir: C:\Users\ofahmy\AppData\Loc...}, fedcm:accounts: true, goog:chromeOptions: {debuggerAddress: localhost:54766}, networkConnectionEnabled: false, pageLoadStrategy: normal, platformName: windows, proxy: Proxy(), se:cdp: ws://localhost:54766/devtoo..., se:cdpVersion: 127.0.6533.122, setWindowRect: true, strictFileInteractability: false, timeouts: {implicit: 0, pageLoad: 300000, script: 30000}, unhandledPromptBehavior: dismiss and notify, webauthn:extension:credBlob: true, webauthn:extension:largeBlob: true, webauthn:extension:minPinLength: true, webauthn:extension:prf: true, webauthn:virtualAuthenticators: true}
Element: [[ChromeDriver: chrome on windows (e78488eff1fd8c1c35435fc20ecd775e)] -> xpath: /html/body/app-root/block-ui/div/inner-container/main/div/div[2]/ng-component/div[2]/div/div[2]/table-server/div[2]/div/div[2]/div[1]/button[3]]
Session ID: e78488eff1fd8c1c35435fc20ecd775e
at org.openqa.selenium.remote.ErrorCodec.decode(ErrorCodec.java:167)
at org.openqa.selenium.remote.codec.w3c.W3CHttpResponseCodec.decode(W3CHttpResponseCodec.java:138)
at org.openqa.selenium.remote.codec.w3c.W3CHttpResponseCodec.decode(W3CHttpResponseCodec.java:50)
at org.openqa.selenium.remote.HttpCommandExecutor.execute(HttpCommandExecutor.java:190)
at org.openqa.selenium.remote.service.DriverCommandExecutor.invokeExecute(DriverCommandExecutor.java:216)
at org.openqa.selenium.remote.service.DriverCommandExecutor.execute(DriverCommandExecutor.java:174)
at org.openqa.selenium.remote.RemoteWebDriver.execute(RemoteWebDriver.java:527)
at org.openqa.selenium.remote.RemoteWebElement.execute(RemoteWebElement.java:223)
at org.openqa.selenium.remote.RemoteWebElement.isDisplayed(RemoteWebElement.java:282)
at org.openqa.selenium.support.pagefactory.internal.LocatingElementHandler.invoke(LocatingElementHandler.java:51)
at jdk.proxy2/jdk.proxy2.$Proxy14.isDisplayed(Unknown Source)
at tests.CopiesTest.copyFromTheFrontOfTheCaseTest(CopiesTest.java:79)
at java.base/java.util.ArrayList.forEach(ArrayList.java:1597)
... Removed 30 stack frames]]>
    </failure>
  </testcase> <!-- copyFromTheFrontOfTheCaseTest -->
  <testcase classname="tests.TestBase" name="@BeforeTest startDriver" time="0.0">
    <ignored/>
  </testcase> <!-- @BeforeTest startDriver -->
  <testcase classname="tests.TestBase" name="@AfterTest stopDriver" time="0.0">
    <ignored/>
  </testcase> <!-- @AfterTest stopDriver -->
  <testcase classname="tests.CertificatesTest" name="negativeAppealCase" time="0.0">
    <ignored/>
  </testcase> <!-- negativeAppealCase -->
</testsuite> <!-- Regrission Test -->
