<?xml version="1.0" encoding="UTF-8"?>
<!-- Generated by org.testng.reporters.JUnitXMLReporter -->
<testsuite ignored="4" hostname="RD-A1-DT-4006" failures="0" tests="3" name="Appeal Cases Test" time="71.762" errors="0" timestamp="2025-08-19T16:35:42 EEST">
  <testcase classname="tests.AppealFeesTest" name="createAppealCase" time="13.029"/>
  <testcase classname="tests.AppealFrontTest" name="testAddingInfoIntoAppealCase" time="14.245"/>
  <testcase classname="tests.AppealBackTest" name="testAddingInfoIntoDivisionCommitteeCase" time="28.233"/>
  <testcase classname="tests.TestBase" name="@BeforeTest startDriver" time="0.0">
    <ignored/>
  </testcase> <!-- @BeforeTest startDriver -->
  <testcase classname="tests.TestBase" name="@AfterTest stopDriver" time="0.0">
    <ignored/>
  </testcase> <!-- @AfterTest stopDriver -->
  <testcase classname="tests.TestBase" name="@AfterTest stopDriver" time="0.0">
    <ignored/>
  </testcase> <!-- @AfterTest stopDriver -->
  <testcase classname="tests.TestBase" name="@BeforeTest startDriver" time="0.0">
    <ignored/>
  </testcase> <!-- @BeforeTest startDriver -->
</testsuite> <!-- Appeal Cases Test -->
