<?xml version="1.0" encoding="UTF-8"?>
<testng-results ignored="0" total="1" passed="0" failed="1" skipped="0">
  <reporter-output>
  </reporter-output>
  <suite started-at="2024-09-19T11:56:38 EEST" name="Default suite" finished-at="2024-09-19T11:58:27 EEST" duration-ms="108705">
    <groups>
    </groups>
    <test started-at="2024-09-19T11:56:38 EEST" name="Default test" finished-at="2024-09-19T11:58:27 EEST" duration-ms="108705">
      <class name="tests.PublicHearingOfInvestigationTest">
        <test-method is-config="true" signature="startDriver()[pri:0, instance:tests.PublicHearingOfInvestigationTest@1046d517]" started-at="2024-09-19T11:56:38 EEST" name="startDriver" finished-at="2024-09-19T11:56:46 EEST" duration-ms="8623" status="PASS">
          <reporter-output>
          </reporter-output>
        </test-method> <!-- startDriver -->
        <test-method is-config="true" signature="LoginAndGetInThePage()[pri:0, instance:tests.PublicHearingOfInvestigationTest@1046d517]" started-at="2024-09-19T11:56:46 EEST" name="LoginAndGetInThePage" finished-at="2024-09-19T11:56:49 EEST" depends-on-methods="tests.TestBase.startDriver" duration-ms="2798" status="PASS">
          <reporter-output>
          </reporter-output>
        </test-method> <!-- LoginAndGetInThePage -->
        <test-method signature="finishTheHearingOfInvestigationProcessTest()[pri:0, instance:tests.PublicHearingOfInvestigationTest@1046d517]" started-at="2024-09-19T11:56:49 EEST" name="finishTheHearingOfInvestigationProcessTest" finished-at="2024-09-19T11:58:17 EEST" duration-ms="87641" status="FAIL">
          <exception class="org.openqa.selenium.ElementClickInterceptedException">
            <message>
              <![CDATA[element click intercepted: Element <button class="btn btn-sm btn-add-outline btn-block" disabled="">...</button> is not clickable at point (113, 485). Other element would receive the click: <div class="block-ui-wrapper block-ui-main active">...</div>
  (Session info: chrome=129.0.6668.58)
Build info: version: '4.23.0', revision: '4df0a231af'
System info: os.name: 'Windows 10', os.arch: 'amd64', os.version: '10.0', java.version: '17.0.10'
Driver info: org.openqa.selenium.chrome.ChromeDriver
Command: [0b4fdf4c4a4eb3dfa522bcdbb6f35ca5, clickElement {id=f.3F33A5C3CDF71F5CAAE752676D154B75.d.AD985BAC511D09CC89397C2C862C19CA.e.47}]
Capabilities {acceptInsecureCerts: false, browserName: chrome, browserVersion: 129.0.6668.58, chrome: {chromedriverVersion: 129.0.6668.58 (81a06fb873a9..., userDataDir: C:\Users\MEGAST~1\AppData\L...}, fedcm:accounts: true, goog:chromeOptions: {debuggerAddress: localhost:59767}, networkConnectionEnabled: false, pageLoadStrategy: normal, platformName: windows, proxy: Proxy(), se:cdp: ws://localhost:59767/devtoo..., se:cdpVersion: 129.0.6668.58, setWindowRect: true, strictFileInteractability: false, timeouts: {implicit: 0, pageLoad: 300000, script: 30000}, unhandledPromptBehavior: dismiss and notify, webauthn:extension:credBlob: true, webauthn:extension:largeBlob: true, webauthn:extension:minPinLength: true, webauthn:extension:prf: true, webauthn:virtualAuthenticators: true}
Element: [[ChromeDriver: chrome on windows (0b4fdf4c4a4eb3dfa522bcdbb6f35ca5)] -> xpath: /html/body/app-root/block-ui/div/inner-container/main/div/div[2]/hearing-cases/div[2]/div[3]/div[2]/table-client/div[2]/div/div/div[2]/button[1]]
Session ID: 0b4fdf4c4a4eb3dfa522bcdbb6f35ca5]]>
            </message>
            <full-stacktrace>
              <![CDATA[org.openqa.selenium.ElementClickInterceptedException: element click intercepted: Element <button class="btn btn-sm btn-add-outline btn-block" disabled="">...</button> is not clickable at point (113, 485). Other element would receive the click: <div class="block-ui-wrapper block-ui-main active">...</div>
  (Session info: chrome=129.0.6668.58)
Build info: version: '4.23.0', revision: '4df0a231af'
System info: os.name: 'Windows 10', os.arch: 'amd64', os.version: '10.0', java.version: '17.0.10'
Driver info: org.openqa.selenium.chrome.ChromeDriver
Command: [0b4fdf4c4a4eb3dfa522bcdbb6f35ca5, clickElement {id=f.3F33A5C3CDF71F5CAAE752676D154B75.d.AD985BAC511D09CC89397C2C862C19CA.e.47}]
Capabilities {acceptInsecureCerts: false, browserName: chrome, browserVersion: 129.0.6668.58, chrome: {chromedriverVersion: 129.0.6668.58 (81a06fb873a9..., userDataDir: C:\Users\MEGAST~1\AppData\L...}, fedcm:accounts: true, goog:chromeOptions: {debuggerAddress: localhost:59767}, networkConnectionEnabled: false, pageLoadStrategy: normal, platformName: windows, proxy: Proxy(), se:cdp: ws://localhost:59767/devtoo..., se:cdpVersion: 129.0.6668.58, setWindowRect: true, strictFileInteractability: false, timeouts: {implicit: 0, pageLoad: 300000, script: 30000}, unhandledPromptBehavior: dismiss and notify, webauthn:extension:credBlob: true, webauthn:extension:largeBlob: true, webauthn:extension:minPinLength: true, webauthn:extension:prf: true, webauthn:virtualAuthenticators: true}
Element: [[ChromeDriver: chrome on windows (0b4fdf4c4a4eb3dfa522bcdbb6f35ca5)] -> xpath: /html/body/app-root/block-ui/div/inner-container/main/div/div[2]/hearing-cases/div[2]/div[3]/div[2]/table-client/div[2]/div/div/div[2]/button[1]]
Session ID: 0b4fdf4c4a4eb3dfa522bcdbb6f35ca5
at java.base/jdk.internal.reflect.NativeConstructorAccessorImpl.newInstance0(Native Method)
at java.base/jdk.internal.reflect.NativeConstructorAccessorImpl.newInstance(NativeConstructorAccessorImpl.java:77)
at java.base/jdk.internal.reflect.DelegatingConstructorAccessorImpl.newInstance(DelegatingConstructorAccessorImpl.java:45)
at java.base/java.lang.reflect.Constructor.newInstanceWithCaller(Constructor.java:499)
at java.base/java.lang.reflect.Constructor.newInstance(Constructor.java:480)
at org.openqa.selenium.remote.ErrorCodec.decode(ErrorCodec.java:167)
at org.openqa.selenium.remote.codec.w3c.W3CHttpResponseCodec.decode(W3CHttpResponseCodec.java:138)
at org.openqa.selenium.remote.codec.w3c.W3CHttpResponseCodec.decode(W3CHttpResponseCodec.java:50)
at org.openqa.selenium.remote.HttpCommandExecutor.execute(HttpCommandExecutor.java:190)
at org.openqa.selenium.remote.service.DriverCommandExecutor.invokeExecute(DriverCommandExecutor.java:216)
at org.openqa.selenium.remote.service.DriverCommandExecutor.execute(DriverCommandExecutor.java:174)
at org.openqa.selenium.remote.RemoteWebDriver.execute(RemoteWebDriver.java:527)
at org.openqa.selenium.remote.RemoteWebElement.execute(RemoteWebElement.java:223)
at org.openqa.selenium.remote.RemoteWebElement.click(RemoteWebElement.java:76)
at java.base/jdk.internal.reflect.NativeMethodAccessorImpl.invoke0(Native Method)
at java.base/jdk.internal.reflect.NativeMethodAccessorImpl.invoke(NativeMethodAccessorImpl.java:77)
at java.base/jdk.internal.reflect.DelegatingMethodAccessorImpl.invoke(DelegatingMethodAccessorImpl.java:43)
at java.base/java.lang.reflect.Method.invoke(Method.java:568)
at org.openqa.selenium.support.pagefactory.internal.LocatingElementHandler.invoke(LocatingElementHandler.java:51)
at jdk.proxy2/jdk.proxy2.$Proxy13.click(Unknown Source)
at pages.PageBase.clickBtn(PageBase.java:62)
at pages.SecPublicHearingOfInvestigationPage.compeletInvestigationHearingProcess(SecPublicHearingOfInvestigationPage.java:181)
at tests.PublicHearingOfInvestigationTest.finishTheHearingOfInvestigationProcessTest(PublicHearingOfInvestigationTest.java:32)
at java.base/jdk.internal.reflect.NativeMethodAccessorImpl.invoke0(Native Method)
at java.base/jdk.internal.reflect.NativeMethodAccessorImpl.invoke(NativeMethodAccessorImpl.java:77)
at java.base/jdk.internal.reflect.DelegatingMethodAccessorImpl.invoke(DelegatingMethodAccessorImpl.java:43)
at java.base/java.lang.reflect.Method.invoke(Method.java:568)
at org.testng.internal.invokers.MethodInvocationHelper.invokeMethod(MethodInvocationHelper.java:139)
at org.testng.internal.invokers.TestInvoker.invokeMethod(TestInvoker.java:677)
at org.testng.internal.invokers.TestInvoker.invokeTestMethod(TestInvoker.java:221)
at org.testng.internal.invokers.MethodRunner.runInSequence(MethodRunner.java:50)
at org.testng.internal.invokers.TestInvoker$MethodInvocationAgent.invoke(TestInvoker.java:969)
at org.testng.internal.invokers.TestInvoker.invokeTestMethods(TestInvoker.java:194)
at org.testng.internal.invokers.TestMethodWorker.invokeTestMethods(TestMethodWorker.java:148)
at org.testng.internal.invokers.TestMethodWorker.run(TestMethodWorker.java:128)
at java.base/java.util.ArrayList.forEach(ArrayList.java:1511)
at org.testng.TestRunner.privateRun(TestRunner.java:829)
at org.testng.TestRunner.run(TestRunner.java:602)
at org.testng.SuiteRunner.runTest(SuiteRunner.java:437)
at org.testng.SuiteRunner.runSequentially(SuiteRunner.java:431)
at org.testng.SuiteRunner.privateRun(SuiteRunner.java:391)
at org.testng.SuiteRunner.run(SuiteRunner.java:330)
at org.testng.SuiteRunnerWorker.runSuite(SuiteRunnerWorker.java:52)
at org.testng.SuiteRunnerWorker.run(SuiteRunnerWorker.java:95)
at org.testng.TestNG.runSuitesSequentially(TestNG.java:1256)
at org.testng.TestNG.runSuitesLocally(TestNG.java:1176)
at org.testng.TestNG.runSuites(TestNG.java:1099)
at org.testng.TestNG.run(TestNG.java:1067)
at org.testng.remote.AbstractRemoteTestNG.run(AbstractRemoteTestNG.java:115)
at org.testng.remote.RemoteTestNG.initAndRun(RemoteTestNG.java:251)
at org.testng.remote.RemoteTestNG.main(RemoteTestNG.java:77)
]]>
            </full-stacktrace>
          </exception> <!-- org.openqa.selenium.ElementClickInterceptedException -->
          <reporter-output>
          </reporter-output>
        </test-method> <!-- finishTheHearingOfInvestigationProcessTest -->
        <test-method is-config="true" signature="screenshotOnFailure(org.testng.ITestResult)[pri:0, instance:tests.PublicHearingOfInvestigationTest@1046d517]" started-at="2024-09-19T11:58:17 EEST" name="screenshotOnFailure" finished-at="2024-09-19T11:58:26 EEST" duration-ms="8987" status="PASS">
          <params>
            <param index="0">
              <value>
                <![CDATA[[TestResult name=finishTheHearingOfInvestigationProcessTest status=FAILURE method=PublicHearingOfInvestigationTest.finishTheHearingOfInvestigationProcessTest()[pri:0, instance:tests.PublicHearingOfInvestigationTest@1046d517] output={null}]]]>
              </value>
            </param>
          </params>
          <reporter-output>
          </reporter-output>
        </test-method> <!-- screenshotOnFailure -->
        <test-method is-config="true" signature="stopDriver()[pri:0, instance:tests.PublicHearingOfInvestigationTest@1046d517]" started-at="2024-09-19T11:58:26 EEST" name="stopDriver" finished-at="2024-09-19T11:58:27 EEST" duration-ms="280" status="PASS">
          <reporter-output>
          </reporter-output>
        </test-method> <!-- stopDriver -->
      </class> <!-- tests.PublicHearingOfInvestigationTest -->
    </test> <!-- Default test -->
  </suite> <!-- Default suite -->
</testng-results>
