<?xml version="1.0" encoding="UTF-8"?>
<testng-results ignored="0" total="1" passed="1" failed="0" skipped="0">
  <reporter-output>
  </reporter-output>
  <suite started-at="2025-08-10T13:34:33 EEST" name="Default suite" finished-at="2025-08-10T13:34:49 EEST" duration-ms="15903">
    <groups>
    </groups>
    <test started-at="2025-08-10T13:34:33 EEST" name="Default test" finished-at="2025-08-10T13:34:49 EEST" duration-ms="15903">
      <class name="tests.AppealFeesTest">
        <test-method is-config="true" signature="startDriver()[pri:0, instance:tests.AppealFeesTest@7fb95505]" started-at="2025-08-10T13:34:33 EEST" name="startDriver" finished-at="2025-08-10T13:34:35 EEST" duration-ms="1525" status="PASS">
          <reporter-output>
          </reporter-output>
        </test-method> <!-- startDriver -->
        <test-method is-config="true" signature="loginAndGetInAnnPart()[pri:0, instance:tests.AppealFeesTest@7fb95505]" started-at="2025-08-10T13:34:35 EEST" name="loginAndGetInAnnPart" finished-at="2025-08-10T13:34:36 EEST" duration-ms="933" status="PASS">
          <reporter-output>
          </reporter-output>
        </test-method> <!-- loginAndGetInAnnPart -->
        <test-method signature="createAppealCase()[pri:0, instance:tests.AppealFeesTest@7fb95505]" started-at="2025-08-10T13:34:36 EEST" name="createAppealCase" finished-at="2025-08-10T13:34:49 EEST" duration-ms="13113" status="PASS">
          <reporter-output>
          </reporter-output>
        </test-method> <!-- createAppealCase -->
        <test-method is-config="true" signature="screenshotOnFailure(org.testng.ITestResult)[pri:0, instance:tests.AppealFeesTest@7fb95505]" started-at="2025-08-10T13:34:49 EEST" name="screenshotOnFailure" finished-at="2025-08-10T13:34:49 EEST" duration-ms="4" status="PASS">
          <params>
            <param index="0">
              <value>
                <![CDATA[[TestResult name=createAppealCase status=SUCCESS method=AppealFeesTest.createAppealCase()[pri:0, instance:tests.AppealFeesTest@7fb95505] output={null}]]]>
              </value>
            </param>
          </params>
          <reporter-output>
          </reporter-output>
        </test-method> <!-- screenshotOnFailure -->
        <test-method is-config="true" signature="stopDriver()[pri:0, instance:tests.AppealFeesTest@7fb95505]" started-at="2025-08-10T13:34:49 EEST" name="stopDriver" finished-at="2025-08-10T13:34:49 EEST" duration-ms="155" status="PASS">
          <reporter-output>
          </reporter-output>
        </test-method> <!-- stopDriver -->
      </class> <!-- tests.AppealFeesTest -->
    </test> <!-- Default test -->
  </suite> <!-- Default suite -->
</testng-results>
