<?xml version="1.0" encoding="UTF-8"?>
<!-- Generated by org.testng.reporters.JUnitReportReporter -->
<testsuite hostname="RD-A1-DT-4006" failures="0" tests="5" name="tests.CertificatesTest" time="202.574" errors="0" timestamp="2024-10-07T16:29:10 EEST" skipped="1">
  <testcase classname="tests.CertificatesTest" name="completeSessionCasesCertProcess" time="51.961"/>
  <system-out/>
  <testcase classname="tests.CertificatesTest" name="completeBrotestoCase" time="48.545"/>
  <system-out/>
  <testcase classname="tests.CertificatesTest" name="terroristGroupsCase" time="49.379"/>
  <system-out/>
  <testcase classname="tests.CertificatesTest" name="caseNoExist" time="52.689"/>
  <system-out/>
  <testcase classname="tests.CertificatesTest" name="negativeAppealCase">
    <skipped/>
  </testcase> <!-- negativeAppealCase -->
  <system-out/>
</testsuite> <!-- tests.CertificatesTest -->
